{"name": "Добавление в корзину несколько товаров", "status": "failed", "statusDetails": {"message": "selene.core.exceptions.TimeoutException: Message: \n\nTimed out after 10s, while waiting for:\nbrowser.element(('xpath', \"(//a[@href= '/product/12463_8035_966-svetlyi_xaki'])[2]\")).click\n\nReason: NoSuchElementException: Message: no such element: Unable to locate element: {\"method\":\"xpath\",\"selector\":\"(//a[@href= '/product/12463_8035_966-svetlyi_xaki'])[2]\"}\n  (Session info: chrome=110.0.5481.104)\n\nScreenshot: file://C:\\Users\\Qasquad1\\.selene\\screenshots\\1677467934317\\1677467934318.png\nPageSource: file://C:\\Users\\Qasquad1\\.selene\\screenshots\\1677467934317\\1677467934318.html", "trace": "..\\venv\\lib\\site-packages\\selene\\core\\wait.py:102: in for_\n    return fn(self._entity)\n..\\venv\\lib\\site-packages\\selene\\core\\wait.py:56: in __call__\n    return self._fn(entity)\n..\\venv\\lib\\site-packages\\selene\\core\\entity.py:465: in <lambda>\n    self.wait.command('click', lambda element: element().click())\n..\\venv\\lib\\site-packages\\selene\\core\\entity.py:179: in __call__\n    return self._locator()\n..\\venv\\lib\\site-packages\\selene\\core\\locator.py:34: in __call__\n    return self._locate()\n..\\venv\\lib\\site-packages\\selene\\core\\entity.py:1529: in <lambda>\n    f'{self}.element({by})', lambda: self.driver.find_element(*by)\n..\\venv\\lib\\site-packages\\selenium\\webdriver\\remote\\webdriver.py:976: in find_element\n    return self.execute(Command.FIND_ELEMENT, {\n..\\venv\\lib\\site-packages\\selenium\\webdriver\\remote\\webdriver.py:321: in execute\n    self.error_handler.check_response(response)\n..\\venv\\lib\\site-packages\\selenium\\webdriver\\remote\\errorhandler.py:242: in check_response\n    raise exception_class(message, screen, stacktrace)\nE   selenium.common.exceptions.NoSuchElementException: Message: no such element: Unable to locate element: {\"method\":\"xpath\",\"selector\":\"(//a[@href= '/product/12463_8035_966-svetlyi_xaki'])[2]\"}\nE     (Session info: chrome=110.0.5481.104)\n\nDuring handling of the above exception, another exception occurred:\ntest_basket.py:38: in test_basket_multiple_products\n    page.basket_multiple_products()\n..\\pages\\catalog.py:133: in basket_multiple_products\n    self.click(self.choose_a_product_lingerie, \"Товар брифы\")\n..\\pages\\base.py:24: in click\n    element.click()\n..\\venv\\lib\\site-packages\\selene\\core\\entity.py:465: in click\n    self.wait.command('click', lambda element: element().click())\n..\\venv\\lib\\site-packages\\selene\\core\\wait.py:136: in command\n    self.for_(Command(description, fn))\n..\\venv\\lib\\site-packages\\selene\\core\\wait.py:125: in for_\n    raise self._hook_failure(failure)\nE   selene.core.exceptions.TimeoutException: Message: \nE   \nE   Timed out after 10s, while waiting for:\nE   browser.element(('xpath', \"(//a[@href= '/product/12463_8035_966-svetlyi_xaki'])[2]\")).click\nE   \nE   Reason: NoSuchElementException: Message: no such element: Unable to locate element: {\"method\":\"xpath\",\"selector\":\"(//a[@href= '/product/12463_8035_966-svetlyi_xaki'])[2]\"}\nE     (Session info: chrome=110.0.5481.104)\nE   \nE   Screenshot: file://C:\\Users\\Qasquad1\\.selene\\screenshots\\1677467934317\\1677467934318.png\nE   PageSource: file://C:\\Users\\Qasquad1\\.selene\\screenshots\\1677467934317\\1677467934318.html"}, "steps": [{"name": "Добавление в корзину несколько товаров", "status": "failed", "statusDetails": {"message": "selene.core.exceptions.TimeoutException: Message: \n\nTimed out after 10s, while waiting for:\nbrowser.element(('xpath', \"(//a[@href= '/product/12463_8035_966-svetlyi_xaki'])[2]\")).click\n\nReason: NoSuchElementException: Message: no such element: Unable to locate element: {\"method\":\"xpath\",\"selector\":\"(//a[@href= '/product/12463_8035_966-svetlyi_xaki'])[2]\"}\n  (Session info: chrome=110.0.5481.104)\n\nScreenshot: file://C:\\Users\\Qasquad1\\.selene\\screenshots\\1677467934317\\1677467934318.png\nPageSource: file://C:\\Users\\Qasquad1\\.selene\\screenshots\\1677467934317\\1677467934318.html\n\n", "trace": "  File \"C:\\Users\\Qasquad1\\PycharmProjects\\lime-qa\\venv\\lib\\site-packages\\allure_commons\\_allure.py\", line 172, in impl\n    return func(*a, **kw)\n  File \"C:\\Users\\Qasquad1\\PycharmProjects\\lime-qa\\pages\\catalog.py\", line 133, in basket_multiple_products\n    self.click(self.choose_a_product_lingerie, \"Товар брифы\")\n  File \"C:\\Users\\Qasquad1\\PycharmProjects\\lime-qa\\venv\\lib\\site-packages\\allure_commons\\_allure.py\", line 172, in impl\n    return func(*a, **kw)\n  File \"C:\\Users\\Qasquad1\\PycharmProjects\\lime-qa\\pages\\base.py\", line 24, in click\n    element.click()\n  File \"C:\\Users\\Qasquad1\\PycharmProjects\\lime-qa\\venv\\lib\\site-packages\\selene\\core\\entity.py\", line 465, in click\n    self.wait.command('click', lambda element: element().click())\n  File \"C:\\Users\\Qasquad1\\PycharmProjects\\lime-qa\\venv\\lib\\site-packages\\selene\\core\\wait.py\", line 136, in command\n    self.for_(Command(description, fn))\n  File \"C:\\Users\\Qasquad1\\PycharmProjects\\lime-qa\\venv\\lib\\site-packages\\selene\\core\\wait.py\", line 125, in for_\n    raise self._hook_failure(failure)\n"}, "steps": [{"name": "Клик по элементу 'гамбургер-меню'", "status": "passed", "parameters": [{"name": "element", "value": "<selene.core.entity.Element object at 0x00000172BA130190>"}, {"name": "text", "value": "'гамбургер-меню'"}], "start": 1677467939536, "stop": 1677467939599}, {"name": "Клик по элементу ' Ссылка СУМКИ'", "status": "passed", "parameters": [{"name": "element", "value": "<selene.core.entity.Element object at 0x00000172BA135A90>"}, {"name": "text", "value": "' Ссылка СУМКИ'"}], "start": 1677467939600, "stop": 1677467939680}, {"name": "Клик по элементу 'товар сумка'", "status": "passed", "parameters": [{"name": "element", "value": "<selene.core.entity.Element object at 0x00000172BA135BB0>"}, {"name": "text", "value": "'товар сумка'"}], "start": 1677467939681, "stop": 1677467940722}, {"name": "Взять текст", "status": "passed", "parameters": [{"name": "element", "value": "<selene.core.entity.Element object at 0x00000172BA130DF0>"}], "start": 1677467940722, "stop": 1677467941229}, {"name": "Клик по элементу 'добавить в корзину'", "status": "passed", "parameters": [{"name": "element", "value": "<selene.core.entity.Element object at 0x00000172BA130730>"}, {"name": "text", "value": "'добавить в корзину'"}], "start": 1677467941229, "stop": 1677467941279}, {"name": "Клик по элементу 'гамбургер-меню'", "status": "passed", "parameters": [{"name": "element", "value": "<selene.core.entity.Element object at 0x00000172BA130190>"}, {"name": "text", "value": "'гамбургер-меню'"}], "start": 1677467941279, "stop": 1677467941333}, {"name": "Клик по элементу 'Блок ТУФЛИ'", "status": "passed", "parameters": [{"name": "element", "value": "<selene.core.entity.Element object at 0x00000172BA135CD0>"}, {"name": "text", "value": "'Блок ТУФЛИ'"}], "start": 1677467941333, "stop": 1677467941409}, {"name": "Клик по элементу 'Ссылка БОТИЛЬОНЫ'", "status": "passed", "parameters": [{"name": "element", "value": "<selene.core.entity.Element object at 0x00000172BA135DF0>"}, {"name": "text", "value": "'Ссылка БОТИЛЬОНЫ'"}], "start": 1677467941409, "stop": 1677467941556}, {"name": "Клик по элементу 'Товар ботильоны'", "status": "passed", "parameters": [{"name": "element", "value": "<selene.core.entity.Element object at 0x00000172BA135F10>"}, {"name": "text", "value": "'Товар ботильоны'"}], "start": 1677467941558, "stop": 1677467942117}, {"name": "Взять текст", "status": "passed", "parameters": [{"name": "element", "value": "<selene.core.entity.Element object at 0x00000172BA130DF0>"}], "start": 1677467942117, "stop": 1677467942444}, {"name": "Клик по элементу 'добавить в корзину'", "status": "passed", "parameters": [{"name": "element", "value": "<selene.core.entity.Element object at 0x00000172BA130730>"}, {"name": "text", "value": "'добавить в корзину'"}], "start": 1677467942444, "stop": 1677467942493}, {"name": "Клик по элементу 'гамбургер-меню'", "status": "passed", "parameters": [{"name": "element", "value": "<selene.core.entity.Element object at 0x00000172BA130190>"}, {"name": "text", "value": "'гамбургер-меню'"}], "start": 1677467942493, "stop": 1677467942549}, {"name": "Клик по элементу 'Блок НИЖНЕЕ БЕЛЬЕ'", "status": "passed", "parameters": [{"name": "element", "value": "<selene.core.entity.Element object at 0x00000172BA138070>"}, {"name": "text", "value": "'Блок НИЖНЕЕ БЕЛЬЕ'"}], "start": 1677467942549, "stop": 1677467942615}, {"name": "Клик по элементу 'Ссылка Все модели'", "status": "passed", "parameters": [{"name": "element", "value": "<selene.core.entity.Element object at 0x00000172BA138190>"}, {"name": "text", "value": "'Ссылка Все модели'"}], "start": 1677467942615, "stop": 1677467942736}, {"name": "Клик по элементу 'Товар брифы'", "status": "failed", "statusDetails": {"message": "selene.core.exceptions.TimeoutException: Message: \n\nTimed out after 10s, while waiting for:\nbrowser.element(('xpath', \"(//a[@href= '/product/12463_8035_966-svetlyi_xaki'])[2]\")).click\n\nReason: NoSuchElementException: Message: no such element: Unable to locate element: {\"method\":\"xpath\",\"selector\":\"(//a[@href= '/product/12463_8035_966-svetlyi_xaki'])[2]\"}\n  (Session info: chrome=110.0.5481.104)\n\nScreenshot: file://C:\\Users\\Qasquad1\\.selene\\screenshots\\1677467934317\\1677467934318.png\nPageSource: file://C:\\Users\\Qasquad1\\.selene\\screenshots\\1677467934317\\1677467934318.html\n\n", "trace": "  File \"C:\\Users\\Qasquad1\\PycharmProjects\\lime-qa\\venv\\lib\\site-packages\\allure_commons\\_allure.py\", line 172, in impl\n    return func(*a, **kw)\n  File \"C:\\Users\\Qasquad1\\PycharmProjects\\lime-qa\\pages\\base.py\", line 24, in click\n    element.click()\n  File \"C:\\Users\\Qasquad1\\PycharmProjects\\lime-qa\\venv\\lib\\site-packages\\selene\\core\\entity.py\", line 465, in click\n    self.wait.command('click', lambda element: element().click())\n  File \"C:\\Users\\Qasquad1\\PycharmProjects\\lime-qa\\venv\\lib\\site-packages\\selene\\core\\wait.py\", line 136, in command\n    self.for_(Command(description, fn))\n  File \"C:\\Users\\Qasquad1\\PycharmProjects\\lime-qa\\venv\\lib\\site-packages\\selene\\core\\wait.py\", line 125, in for_\n    raise self._hook_failure(failure)\n"}, "parameters": [{"name": "element", "value": "<selene.core.entity.Element object at 0x00000172BA1382B0>"}, {"name": "text", "value": "'Товар брифы'"}], "start": 1677467946744, "stop": 1677467956895}], "start": 1677467939536, "stop": 1677467956897}], "attachments": [{"name": "Скринтшот", "source": "fd4aa0df-3a21-4bc5-bad2-22a818ac6a77-attachment.png", "type": "image/png"}, {"name": "Логи консоли", "source": "f5ecfb8a-5b1f-4ec2-9a75-16bcbabca937-attachment.json", "type": "application/json"}], "start": 1677467939535, "stop": 1677467956898, "uuid": "35e7b199-cdef-4ed0-abb0-3e393079a0b9", "historyId": "963ad56f7282ae832516db5271098884", "testCaseId": "1dafe7364a30ef5de5ab25e9497af1b6", "fullName": "tests.test_basket.TestBasket#test_basket_multiple_products", "labels": [{"name": "feature", "value": "тесты корзины"}, {"name": "tag", "value": "@pytest.mark.usefixtures('setup')"}, {"name": "parentSuite", "value": "tests"}, {"name": "suite", "value": "test_basket"}, {"name": "subSuite", "value": "TestBasket"}, {"name": "host", "value": "Robotek3000"}, {"name": "thread", "value": "12640-MainThread"}, {"name": "framework", "value": "pytest"}, {"name": "language", "value": "cpython3"}, {"name": "package", "value": "tests.test_basket"}]}