{"name": "Проверка валидности поля Повтор пароля", "status": "failed", "statusDetails": {"message": "selene.core.exceptions.TimeoutException: Message: \n\nTimed out after 10s, while waiting for:\nbrowser.element(('xpath', \"//div[contains(text(),'недопустимый пароль')]\")).text\n\nReason: NoSuchElementException: Message: no such element: Unable to locate element: {\"method\":\"xpath\",\"selector\":\"//div[contains(text(),'недопустимый пароль')]\"}\n  (Session info: chrome=111.0.5563.65)\n\nScreenshot: file://C:\\Users\\Qasquad1\\.selene\\screenshots\\1678766068259\\1678766068260.png\nPageSource: file://C:\\Users\\Qasquad1\\.selene\\screenshots\\1678766068259\\1678766068260.html", "trace": "..\\venv\\lib\\site-packages\\selene\\core\\wait.py:102: in for_\n    return fn(self._entity)\n..\\venv\\lib\\site-packages\\selene\\core\\wait.py:56: in __call__\n    return self._fn(entity)\n..\\venv\\lib\\site-packages\\selene\\core\\query.py:47: in <lambda>\n    text: Query[Element, str] = Query('text', lambda element: element().text)\n..\\venv\\lib\\site-packages\\selene\\core\\entity.py:179: in __call__\n    return self._locator()\n..\\venv\\lib\\site-packages\\selene\\core\\locator.py:34: in __call__\n    return self._locate()\n..\\venv\\lib\\site-packages\\selene\\core\\entity.py:1529: in <lambda>\n    f'{self}.element({by})', lambda: self.driver.find_element(*by)\n..\\venv\\lib\\site-packages\\selenium\\webdriver\\remote\\webdriver.py:976: in find_element\n    return self.execute(Command.FIND_ELEMENT, {\n..\\venv\\lib\\site-packages\\selenium\\webdriver\\remote\\webdriver.py:321: in execute\n    self.error_handler.check_response(response)\n..\\venv\\lib\\site-packages\\selenium\\webdriver\\remote\\errorhandler.py:242: in check_response\n    raise exception_class(message, screen, stacktrace)\nE   selenium.common.exceptions.NoSuchElementException: Message: no such element: Unable to locate element: {\"method\":\"xpath\",\"selector\":\"//div[contains(text(),'недопустимый пароль')]\"}\nE     (Session info: chrome=111.0.5563.65)\n\nDuring handling of the above exception, another exception occurred:\ntest_login.py:122: in test_field_repeat_password\n    page.registration_field_repeat_password()\n..\\pages\\home.py:273: in registration_field_repeat_password\n    message_error = self.get_element_text(self.message_error_repeat_password_text_var, \"Текст ошибки поля пароль не верный или текст отсутствует\")\n..\\pages\\base.py:16: in get_element_text\n    return element.get(query.text)\n..\\venv\\lib\\site-packages\\selene\\core\\entity.py:116: in get\n    return self.wait.for_(query)\n..\\venv\\lib\\site-packages\\selene\\core\\wait.py:125: in for_\n    raise self._hook_failure(failure)\nE   selene.core.exceptions.TimeoutException: Message: \nE   \nE   Timed out after 10s, while waiting for:\nE   browser.element(('xpath', \"//div[contains(text(),'недопустимый пароль')]\")).text\nE   \nE   Reason: NoSuchElementException: Message: no such element: Unable to locate element: {\"method\":\"xpath\",\"selector\":\"//div[contains(text(),'недопустимый пароль')]\"}\nE     (Session info: chrome=111.0.5563.65)\nE   \nE   Screenshot: file://C:\\Users\\Qasquad1\\.selene\\screenshots\\1678766068259\\1678766068260.png\nE   PageSource: file://C:\\Users\\Qasquad1\\.selene\\screenshots\\1678766068259\\1678766068260.html"}, "steps": [{"name": "Нажать Аккаунт", "status": "passed", "start": 1678766077645, "stop": 1678766077720}, {"name": "Нажать Зарегистрироваться", "status": "passed", "start": 1678766077721, "stop": 1678766077871}, {"name": "Валидация поля Повторить Пароль", "status": "failed", "statusDetails": {"message": "selene.core.exceptions.TimeoutException: Message: \n\nTimed out after 10s, while waiting for:\nbrowser.element(('xpath', \"//div[contains(text(),'недопустимый пароль')]\")).text\n\nReason: NoSuchElementException: Message: no such element: Unable to locate element: {\"method\":\"xpath\",\"selector\":\"//div[contains(text(),'недопустимый пароль')]\"}\n  (Session info: chrome=111.0.5563.65)\n\nScreenshot: file://C:\\Users\\Qasquad1\\.selene\\screenshots\\1678766068259\\1678766068260.png\nPageSource: file://C:\\Users\\Qasquad1\\.selene\\screenshots\\1678766068259\\1678766068260.html\n\n", "trace": "  File \"C:\\Users\\Qasquad1\\PycharmProjects\\lime-qa\\venv\\lib\\site-packages\\allure_commons\\_allure.py\", line 172, in impl\n    return func(*a, **kw)\n  File \"C:\\Users\\Qasquad1\\PycharmProjects\\lime-qa\\pages\\home.py\", line 273, in registration_field_repeat_password\n    message_error = self.get_element_text(self.message_error_repeat_password_text_var, \"Текст ошибки поля пароль не верный или текст отсутствует\")\n  File \"C:\\Users\\Qasquad1\\PycharmProjects\\lime-qa\\venv\\lib\\site-packages\\allure_commons\\_allure.py\", line 172, in impl\n    return func(*a, **kw)\n  File \"C:\\Users\\Qasquad1\\PycharmProjects\\lime-qa\\pages\\base.py\", line 16, in get_element_text\n    return element.get(query.text)\n  File \"C:\\Users\\Qasquad1\\PycharmProjects\\lime-qa\\venv\\lib\\site-packages\\selene\\core\\entity.py\", line 116, in get\n    return self.wait.for_(query)\n  File \"C:\\Users\\Qasquad1\\PycharmProjects\\lime-qa\\venv\\lib\\site-packages\\selene\\core\\wait.py\", line 125, in for_\n    raise self._hook_failure(failure)\n"}, "steps": [{"name": "Заполнение поля '' текстом ''wer23''", "status": "passed", "parameters": [{"name": "element", "value": "<selene.core.entity.Element object at 0x000002883671E3D0>"}, {"name": "text", "value": "'wer23'"}, {"name": "fieldName", "value": "''"}], "start": 1678766077872, "stop": 1678766077968}, {"name": "Взять текст из элемента ''Текст ошибки поля пароль не верный или текст отсутствует''", "status": "failed", "statusDetails": {"message": "selene.core.exceptions.TimeoutException: Message: \n\nTimed out after 10s, while waiting for:\nbrowser.element(('xpath', \"//div[contains(text(),'недопустимый пароль')]\")).text\n\nReason: NoSuchElementException: Message: no such element: Unable to locate element: {\"method\":\"xpath\",\"selector\":\"//div[contains(text(),'недопустимый пароль')]\"}\n  (Session info: chrome=111.0.5563.65)\n\nScreenshot: file://C:\\Users\\Qasquad1\\.selene\\screenshots\\1678766068259\\1678766068260.png\nPageSource: file://C:\\Users\\Qasquad1\\.selene\\screenshots\\1678766068259\\1678766068260.html\n\n", "trace": "  File \"C:\\Users\\Qasquad1\\PycharmProjects\\lime-qa\\venv\\lib\\site-packages\\allure_commons\\_allure.py\", line 172, in impl\n    return func(*a, **kw)\n  File \"C:\\Users\\Qasquad1\\PycharmProjects\\lime-qa\\pages\\base.py\", line 16, in get_element_text\n    return element.get(query.text)\n  File \"C:\\Users\\Qasquad1\\PycharmProjects\\lime-qa\\venv\\lib\\site-packages\\selene\\core\\entity.py\", line 116, in get\n    return self.wait.for_(query)\n  File \"C:\\Users\\Qasquad1\\PycharmProjects\\lime-qa\\venv\\lib\\site-packages\\selene\\core\\wait.py\", line 125, in for_\n    raise self._hook_failure(failure)\n"}, "parameters": [{"name": "element", "value": "<selene.core.entity.Element object at 0x0000028836731730>"}, {"name": "allureText", "value": "'Текст ошибки поля пароль не верный или текст отсутствует'"}], "start": 1678766085022, "stop": 1678766095586}], "start": 1678766077872, "stop": 1678766095638}], "attachments": [{"name": "Скринтшот", "source": "56aa00ea-5c12-4f8a-9e19-a1998ab66b19-attachment.png", "type": "image/png"}, {"name": "Логи консоли", "source": "726d3c46-95c8-4bb8-b50c-c4c4f90996b6-attachment.json", "type": "application/json"}], "start": 1678766077645, "stop": 1678766095639, "uuid": "b192e792-8115-4023-9bae-455964b0281c", "historyId": "2395a9b2a2c906142f6768d7c5d88907", "testCaseId": "19208eadd6ac9712b22d1ff353e8cf28", "fullName": "tests.test_login.TestLogin#test_field_repeat_password", "labels": [{"name": "feature", "value": "Тесты логина"}, {"name": "tag", "value": "@pytest.mark.usefixtures('setup')"}, {"name": "parentSuite", "value": "tests"}, {"name": "suite", "value": "test_login"}, {"name": "subSuite", "value": "TestLogin"}, {"name": "host", "value": "DESKTOP-VLT8PU4"}, {"name": "thread", "value": "8792-MainThread"}, {"name": "framework", "value": "pytest"}, {"name": "language", "value": "cpython3"}, {"name": "package", "value": "tests.test_login"}]}