{"name": "Оплата карта + не валидный промокод", "status": "failed", "statusDetails": {"message": "selene.core.exceptions.TimeoutException: Message: \n\nTimed out after 15s, while waiting for:\nbrowser.element(('xpath', \"//button[contains(text(),'Перейти к оформлению')]\")).is visible\n\nReason: NoSuchElementException: Message: no such element: Unable to locate element: {\"method\":\"xpath\",\"selector\":\"//button[contains(text(),'Перейти к оформлению')]\"}\n  (Session info: chrome=113.0.5672.94)\n\nScreenshot: file://C:\\Users\\Qasquad1\\.selene\\screenshots\\1684323471412\\1684323471413.png\nPageSource: file://C:\\Users\\Qasquad1\\.selene\\screenshots\\1684323471412\\1684323471413.html", "trace": "venv\\lib\\site-packages\\selene\\core\\wait.py:102: in for_\n    return fn(self._entity)\nvenv\\lib\\site-packages\\selene\\core\\condition.py:136: in __call__\n    return self._fn(*args, **kwargs)\nvenv\\lib\\site-packages\\selene\\core\\condition.py:91: in fn\n    if not predicate(entity):\nvenv\\lib\\site-packages\\selene\\core\\match.py:37: in <lambda>\n    'is visible', lambda element: element().is_displayed()\nvenv\\lib\\site-packages\\selene\\core\\entity.py:179: in __call__\n    return self._locator()\nvenv\\lib\\site-packages\\selene\\core\\locator.py:34: in __call__\n    return self._locate()\nvenv\\lib\\site-packages\\selene\\core\\entity.py:1529: in <lambda>\n    f'{self}.element({by})', lambda: self.driver.find_element(*by)\nvenv\\lib\\site-packages\\selenium\\webdriver\\remote\\webdriver.py:976: in find_element\n    return self.execute(Command.FIND_ELEMENT, {\nvenv\\lib\\site-packages\\selenium\\webdriver\\remote\\webdriver.py:321: in execute\n    self.error_handler.check_response(response)\nvenv\\lib\\site-packages\\selenium\\webdriver\\remote\\errorhandler.py:242: in check_response\n    raise exception_class(message, screen, stacktrace)\nE   selenium.common.exceptions.NoSuchElementException: Message: no such element: Unable to locate element: {\"method\":\"xpath\",\"selector\":\"//button[contains(text(),'Перейти к оформлению')]\"}\nE     (Session info: chrome=113.0.5672.94)\n\nDuring handling of the above exception, another exception occurred:\ntests\\test_smoke.py:436: in test_payment_cart_no_valid_promo\n    page.preview_payment()\npages\\payment.py:365: in preview_payment\n    page.wait_element_assure(page.making_an_order_btn)\npages\\base.py:65: in wait_element_assure\n    element.assure(visible, 15)\nvenv\\lib\\site-packages\\selene\\core\\entity.py:627: in assure\n    return self.should(condition, timeout)\nvenv\\lib\\site-packages\\selene\\core\\entity.py:538: in should\n    return self.with_(Config(timeout=timeout)).should(condition)\nvenv\\lib\\site-packages\\selene\\core\\entity.py:540: in should\n    super().should(condition)\nvenv\\lib\\site-packages\\selene\\core\\entity.py:127: in should\n    self.wait.for_(condition)\nvenv\\lib\\site-packages\\selene\\core\\wait.py:125: in for_\n    raise self._hook_failure(failure)\nE   selene.core.exceptions.TimeoutException: Message: \nE   \nE   Timed out after 15s, while waiting for:\nE   browser.element(('xpath', \"//button[contains(text(),'Перейти к оформлению')]\")).is visible\nE   \nE   Reason: NoSuchElementException: Message: no such element: Unable to locate element: {\"method\":\"xpath\",\"selector\":\"//button[contains(text(),'Перейти к оформлению')]\"}\nE     (Session info: chrome=113.0.5672.94)\nE   \nE   Screenshot: file://C:\\Users\\Qasquad1\\.selene\\screenshots\\1684323471412\\1684323471413.png\nE   PageSource: file://C:\\Users\\Qasquad1\\.selene\\screenshots\\1684323471412\\1684323471413.html"}, "steps": [{"name": "Авторизация с очисткой корзины, заполнение корзины 1 товаром,проверка наличия товаров, заполнение полей оформления заказа", "status": "failed", "statusDetails": {"message": "selene.core.exceptions.TimeoutException: Message: \n\nTimed out after 15s, while waiting for:\nbrowser.element(('xpath', \"//button[contains(text(),'Перейти к оформлению')]\")).is visible\n\nReason: NoSuchElementException: Message: no such element: Unable to locate element: {\"method\":\"xpath\",\"selector\":\"//button[contains(text(),'Перейти к оформлению')]\"}\n  (Session info: chrome=113.0.5672.94)\n\nScreenshot: file://C:\\Users\\Qasquad1\\.selene\\screenshots\\1684323471412\\1684323471413.png\nPageSource: file://C:\\Users\\Qasquad1\\.selene\\screenshots\\1684323471412\\1684323471413.html\n\n", "trace": "  File \"C:\\Users\\Qasquad1\\PycharmProjects\\lime-qa\\venv\\lib\\site-packages\\allure_commons\\_allure.py\", line 172, in impl\n    return func(*a, **kw)\n  File \"C:\\Users\\Qasquad1\\PycharmProjects\\lime-qa\\pages\\payment.py\", line 365, in preview_payment\n    page.wait_element_assure(page.making_an_order_btn)\n  File \"C:\\Users\\Qasquad1\\PycharmProjects\\lime-qa\\venv\\lib\\site-packages\\allure_commons\\_allure.py\", line 172, in impl\n    return func(*a, **kw)\n  File \"C:\\Users\\Qasquad1\\PycharmProjects\\lime-qa\\pages\\base.py\", line 65, in wait_element_assure\n    element.assure(visible, 15)\n  File \"C:\\Users\\Qasquad1\\PycharmProjects\\lime-qa\\venv\\lib\\site-packages\\selene\\core\\entity.py\", line 627, in assure\n    return self.should(condition, timeout)\n  File \"C:\\Users\\Qasquad1\\PycharmProjects\\lime-qa\\venv\\lib\\site-packages\\selene\\core\\entity.py\", line 538, in should\n    return self.with_(Config(timeout=timeout)).should(condition)\n  File \"C:\\Users\\Qasquad1\\PycharmProjects\\lime-qa\\venv\\lib\\site-packages\\selene\\core\\entity.py\", line 540, in should\n    super().should(condition)\n  File \"C:\\Users\\Qasquad1\\PycharmProjects\\lime-qa\\venv\\lib\\site-packages\\selene\\core\\entity.py\", line 127, in should\n    self.wait.for_(condition)\n  File \"C:\\Users\\Qasquad1\\PycharmProjects\\lime-qa\\venv\\lib\\site-packages\\selene\\core\\wait.py\", line 125, in for_\n    raise self._hook_failure(failure)\n"}, "steps": [{"name": "Авторизации пользователя", "status": "passed", "steps": [{"name": "Клик по элементу 'Нажать на Личный кабинет'", "status": "passed", "parameters": [{"name": "element", "value": "<selene.core.entity.Element object at 0x0000024902C6BCA0>"}, {"name": "text", "value": "'Нажать на Личный кабинет'"}], "start": 1684323488546, "stop": 1684323488596}, {"name": "Клик по элементу 'Нажать Войти'", "status": "passed", "parameters": [{"name": "element", "value": "<selene.core.entity.Element object at 0x0000024902C6BDC0>"}, {"name": "text", "value": "'Нажать Войти'"}], "start": 1684323488596, "stop": 1684323488745}, {"name": "Заполнение поля 'Поле Email' текстом ''chernikov.kv@lime-shop.com''", "status": "passed", "parameters": [{"name": "element", "value": "<selene.core.entity.Element object at 0x0000024902C6B700>"}, {"name": "text", "value": "'chernikov.kv@lime-shop.com'"}, {"name": "fieldName", "value": "'Поле Email'"}], "start": 1684323488745, "stop": 1684323488853}, {"name": "Заполнение поля 'Поле Пароль' текстом ''VTer38CX''", "status": "passed", "parameters": [{"name": "element", "value": "<selene.core.entity.Element object at 0x0000024902C6B820>"}, {"name": "text", "value": "'VTer38CX'"}, {"name": "fieldName", "value": "'Поле Пароль'"}], "start": 1684323488853, "stop": 1684323488928}, {"name": "Клик по элементу 'Нажать Войти'", "status": "passed", "parameters": [{"name": "element", "value": "<selene.core.entity.Element object at 0x0000024902C6BDC0>"}, {"name": "text", "value": "'Нажать Войти'"}], "start": 1684323488928, "stop": 1684323488961}], "start": 1684323488546, "stop": 1684323488961}, {"name": "Проверка наличия элемента", "status": "passed", "parameters": [{"name": "element", "value": "<selene.core.entity.Element object at 0x0000024902C6BEE0>"}], "start": 1684323488961, "stop": 1684323488979}, {"name": "Клик по элементу 'Закрыть профиль'", "status": "passed", "parameters": [{"name": "element", "value": "<selene.core.entity.Element object at 0x0000024902C6BEE0>"}, {"name": "text", "value": "'Закрыть профиль'"}], "start": 1684323488979, "stop": 1684323489012}, {"name": "Проверка наличия элемента", "status": "passed", "parameters": [{"name": "element", "value": "<selene.core.entity.Element object at 0x0000024902C2EB80>"}], "start": 1684323489012, "stop": 1684323489032}, {"name": "Клик по элементу 'Переход в корзину'", "status": "passed", "parameters": [{"name": "element", "value": "<selene.core.entity.Element object at 0x0000024902C2EB80>"}, {"name": "text", "value": "'Переход в корзину'"}], "start": 1684323492042, "stop": 1684323492077}, {"name": "Проверка наличия элемента", "status": "passed", "parameters": [{"name": "element", "value": "<selene.core.entity.Collection object at 0x0000024902C78250>"}], "start": 1684323495092, "stop": 1684323495101}, {"name": "Открыть страницу https://nuxt-01.qa.lmdev.ru/", "status": "passed", "start": 1684323495109, "stop": 1684323503850}, {"name": "Добавление товара в корзину 1999 рублей", "status": "passed", "steps": [{"name": "Клик по элементу 'гамбургер-меню'", "status": "passed", "parameters": [{"name": "element", "value": "<selene.core.entity.Element object at 0x0000024902C2E6A0>"}, {"name": "text", "value": "'гамбургер-меню'"}], "start": 1684323508863, "stop": 1684323508903}, {"name": "Клик по элементу 'Блок Нижнее белье'", "status": "passed", "parameters": [{"name": "element", "value": "<selene.core.entity.Element object at 0x0000024902C67490>"}, {"name": "text", "value": "'Блок Нижнее белье'"}], "start": 1684323508903, "stop": 1684323508942}, {"name": "Клик по элементу 'Подраздел Все модели'", "status": "passed", "parameters": [{"name": "element", "value": "<selene.core.entity.Element object at 0x0000024902C676D0>"}, {"name": "text", "value": "'Подраздел Все модели'"}], "start": 1684323508942, "stop": 1684323508985}, {"name": "Клик по элементу 'Товар с ценой 1999'", "status": "passed", "parameters": [{"name": "element", "value": "<selene.core.entity.Element object at 0x0000024902C67EB0>"}, {"name": "text", "value": "'Товар с ценой 1999'"}], "start": 1684323508985, "stop": 1684323510290}, {"name": "Клик по элементу 'добавить в корзину'", "status": "passed", "parameters": [{"name": "element", "value": "<selene.core.entity.Element object at 0x0000024902C2ED30>"}, {"name": "text", "value": "'добавить в корзину'"}], "start": 1684323512301, "stop": 1684323512675}], "start": 1684323503850, "stop": 1684323513689}, {"name": "Клик по элементу 'Переход в корзину'", "status": "passed", "parameters": [{"name": "element", "value": "<selene.core.entity.Element object at 0x0000024902C2EB80>"}, {"name": "text", "value": "'Переход в корзину'"}], "start": 1684323513689, "stop": 1684323513725}, {"name": "Проверка наличия товара", "status": "passed", "start": 1684323513725, "stop": 1684323513735}, {"name": "Проверка наличия элемента", "status": "failed", "statusDetails": {"message": "selene.core.exceptions.TimeoutException: Message: \n\nTimed out after 15s, while waiting for:\nbrowser.element(('xpath', \"//button[contains(text(),'Перейти к оформлению')]\")).is visible\n\nReason: NoSuchElementException: Message: no such element: Unable to locate element: {\"method\":\"xpath\",\"selector\":\"//button[contains(text(),'Перейти к оформлению')]\"}\n  (Session info: chrome=113.0.5672.94)\n\nScreenshot: file://C:\\Users\\Qasquad1\\.selene\\screenshots\\1684323471412\\1684323471413.png\nPageSource: file://C:\\Users\\Qasquad1\\.selene\\screenshots\\1684323471412\\1684323471413.html\n\n", "trace": "  File \"C:\\Users\\Qasquad1\\PycharmProjects\\lime-qa\\venv\\lib\\site-packages\\allure_commons\\_allure.py\", line 172, in impl\n    return func(*a, **kw)\n  File \"C:\\Users\\Qasquad1\\PycharmProjects\\lime-qa\\pages\\base.py\", line 65, in wait_element_assure\n    element.assure(visible, 15)\n  File \"C:\\Users\\Qasquad1\\PycharmProjects\\lime-qa\\venv\\lib\\site-packages\\selene\\core\\entity.py\", line 627, in assure\n    return self.should(condition, timeout)\n  File \"C:\\Users\\Qasquad1\\PycharmProjects\\lime-qa\\venv\\lib\\site-packages\\selene\\core\\entity.py\", line 538, in should\n    return self.with_(Config(timeout=timeout)).should(condition)\n  File \"C:\\Users\\Qasquad1\\PycharmProjects\\lime-qa\\venv\\lib\\site-packages\\selene\\core\\entity.py\", line 540, in should\n    super().should(condition)\n  File \"C:\\Users\\Qasquad1\\PycharmProjects\\lime-qa\\venv\\lib\\site-packages\\selene\\core\\entity.py\", line 127, in should\n    self.wait.for_(condition)\n  File \"C:\\Users\\Qasquad1\\PycharmProjects\\lime-qa\\venv\\lib\\site-packages\\selene\\core\\wait.py\", line 125, in for_\n    raise self._hook_failure(failure)\n"}, "parameters": [{"name": "element", "value": "<selene.core.entity.Element object at 0x0000024902C76C70>"}], "start": 1684323513735, "stop": 1684323528850}], "start": 1684323488546, "stop": 1684323528853}], "attachments": [{"name": "Скринтшот", "source": "e6d39057-93b9-454e-af8a-7043bff11fdc-attachment.png", "type": "image/png"}, {"name": "Логи консоли", "source": "6888b86c-3591-4a7f-8478-e2c7c7e13284-attachment.json", "type": "application/json"}], "start": 1684323488546, "stop": 1684323528854, "uuid": "89f8b697-5687-4e20-b328-3f77136c3599", "historyId": "cec4b650afb86aac0b732be3a7e74c4d", "testCaseId": "4918dab5777fc4f24ebe793aba8838c6", "fullName": "tests.test_smoke.TestSmoke#test_payment_cart_no_valid_promo", "labels": [{"name": "feature", "value": "Смоук тест"}, {"name": "tag", "value": "@pytest.mark.usefixtures('setup')"}, {"name": "tag", "value": "smoked1(18)"}, {"name": "parentSuite", "value": "tests"}, {"name": "suite", "value": "test_smoke"}, {"name": "subSuite", "value": "TestSmoke"}, {"name": "host", "value": "DESKTOP-VLT8PU4"}, {"name": "thread", "value": "13788-MainThread"}, {"name": "framework", "value": "pytest"}, {"name": "language", "value": "cpython3"}, {"name": "package", "value": "tests.test_smoke"}], "links": [{"type": "link", "url": "https://lmdev.testrail.io/index.php?/cases/view/905", "name": "https://lmdev.testrail.io/index.php?/cases/view/905"}]}