{"name": "Оплата карта + не валидный промокод", "status": "failed", "statusDetails": {"message": "selene.core.exceptions.TimeoutException: Message: \n\nTimed out after 15s, while waiting for:\nbrowser.element(('xpath', \"//button[contains(text(),'Перейти к оформлению')]\")).is visible\n\nReason: NoSuchElementException: Message: no such element: Unable to locate element: {\"method\":\"xpath\",\"selector\":\"//button[contains(text(),'Перейти к оформлению')]\"}\n  (Session info: chrome=113.0.5672.94)\n\nScreenshot: file://C:\\Users\\Qasquad1\\.selene\\screenshots\\1684319164629\\1684319164630.png\nPageSource: file://C:\\Users\\Qasquad1\\.selene\\screenshots\\1684319164629\\1684319164630.html", "trace": "venv\\lib\\site-packages\\selene\\core\\wait.py:102: in for_\n    return fn(self._entity)\nvenv\\lib\\site-packages\\selene\\core\\condition.py:136: in __call__\n    return self._fn(*args, **kwargs)\nvenv\\lib\\site-packages\\selene\\core\\condition.py:91: in fn\n    if not predicate(entity):\nvenv\\lib\\site-packages\\selene\\core\\match.py:37: in <lambda>\n    'is visible', lambda element: element().is_displayed()\nvenv\\lib\\site-packages\\selene\\core\\entity.py:179: in __call__\n    return self._locator()\nvenv\\lib\\site-packages\\selene\\core\\locator.py:34: in __call__\n    return self._locate()\nvenv\\lib\\site-packages\\selene\\core\\entity.py:1529: in <lambda>\n    f'{self}.element({by})', lambda: self.driver.find_element(*by)\nvenv\\lib\\site-packages\\selenium\\webdriver\\remote\\webdriver.py:976: in find_element\n    return self.execute(Command.FIND_ELEMENT, {\nvenv\\lib\\site-packages\\selenium\\webdriver\\remote\\webdriver.py:321: in execute\n    self.error_handler.check_response(response)\nvenv\\lib\\site-packages\\selenium\\webdriver\\remote\\errorhandler.py:242: in check_response\n    raise exception_class(message, screen, stacktrace)\nE   selenium.common.exceptions.NoSuchElementException: Message: no such element: Unable to locate element: {\"method\":\"xpath\",\"selector\":\"//button[contains(text(),'Перейти к оформлению')]\"}\nE     (Session info: chrome=113.0.5672.94)\n\nDuring handling of the above exception, another exception occurred:\ntests\\test_smoke.py:436: in test_payment_cart_no_valid_promo\n    page.preview_payment()\npages\\payment.py:365: in preview_payment\n    page.wait_element_assure(page.making_an_order_btn)\npages\\base.py:65: in wait_element_assure\n    element.assure(visible, 15)\nvenv\\lib\\site-packages\\selene\\core\\entity.py:627: in assure\n    return self.should(condition, timeout)\nvenv\\lib\\site-packages\\selene\\core\\entity.py:538: in should\n    return self.with_(Config(timeout=timeout)).should(condition)\nvenv\\lib\\site-packages\\selene\\core\\entity.py:540: in should\n    super().should(condition)\nvenv\\lib\\site-packages\\selene\\core\\entity.py:127: in should\n    self.wait.for_(condition)\nvenv\\lib\\site-packages\\selene\\core\\wait.py:125: in for_\n    raise self._hook_failure(failure)\nE   selene.core.exceptions.TimeoutException: Message: \nE   \nE   Timed out after 15s, while waiting for:\nE   browser.element(('xpath', \"//button[contains(text(),'Перейти к оформлению')]\")).is visible\nE   \nE   Reason: NoSuchElementException: Message: no such element: Unable to locate element: {\"method\":\"xpath\",\"selector\":\"//button[contains(text(),'Перейти к оформлению')]\"}\nE     (Session info: chrome=113.0.5672.94)\nE   \nE   Screenshot: file://C:\\Users\\Qasquad1\\.selene\\screenshots\\1684319164629\\1684319164630.png\nE   PageSource: file://C:\\Users\\Qasquad1\\.selene\\screenshots\\1684319164629\\1684319164630.html"}, "steps": [{"name": "Авторизация с очисткой корзины, заполнение корзины 1 товаром,проверка наличия товаров, заполнение полей оформления заказа", "status": "failed", "statusDetails": {"message": "selene.core.exceptions.TimeoutException: Message: \n\nTimed out after 15s, while waiting for:\nbrowser.element(('xpath', \"//button[contains(text(),'Перейти к оформлению')]\")).is visible\n\nReason: NoSuchElementException: Message: no such element: Unable to locate element: {\"method\":\"xpath\",\"selector\":\"//button[contains(text(),'Перейти к оформлению')]\"}\n  (Session info: chrome=113.0.5672.94)\n\nScreenshot: file://C:\\Users\\Qasquad1\\.selene\\screenshots\\1684319164629\\1684319164630.png\nPageSource: file://C:\\Users\\Qasquad1\\.selene\\screenshots\\1684319164629\\1684319164630.html\n\n", "trace": "  File \"C:\\Users\\Qasquad1\\PycharmProjects\\lime-qa\\venv\\lib\\site-packages\\allure_commons\\_allure.py\", line 172, in impl\n    return func(*a, **kw)\n  File \"C:\\Users\\Qasquad1\\PycharmProjects\\lime-qa\\pages\\payment.py\", line 365, in preview_payment\n    page.wait_element_assure(page.making_an_order_btn)\n  File \"C:\\Users\\Qasquad1\\PycharmProjects\\lime-qa\\venv\\lib\\site-packages\\allure_commons\\_allure.py\", line 172, in impl\n    return func(*a, **kw)\n  File \"C:\\Users\\Qasquad1\\PycharmProjects\\lime-qa\\pages\\base.py\", line 65, in wait_element_assure\n    element.assure(visible, 15)\n  File \"C:\\Users\\Qasquad1\\PycharmProjects\\lime-qa\\venv\\lib\\site-packages\\selene\\core\\entity.py\", line 627, in assure\n    return self.should(condition, timeout)\n  File \"C:\\Users\\Qasquad1\\PycharmProjects\\lime-qa\\venv\\lib\\site-packages\\selene\\core\\entity.py\", line 538, in should\n    return self.with_(Config(timeout=timeout)).should(condition)\n  File \"C:\\Users\\Qasquad1\\PycharmProjects\\lime-qa\\venv\\lib\\site-packages\\selene\\core\\entity.py\", line 540, in should\n    super().should(condition)\n  File \"C:\\Users\\Qasquad1\\PycharmProjects\\lime-qa\\venv\\lib\\site-packages\\selene\\core\\entity.py\", line 127, in should\n    self.wait.for_(condition)\n  File \"C:\\Users\\Qasquad1\\PycharmProjects\\lime-qa\\venv\\lib\\site-packages\\selene\\core\\wait.py\", line 125, in for_\n    raise self._hook_failure(failure)\n"}, "steps": [{"name": "Авторизации пользователя", "status": "passed", "steps": [{"name": "Клик по элементу 'Нажать на Личный кабинет'", "status": "passed", "parameters": [{"name": "element", "value": "<selene.core.entity.Element object at 0x00000169F650A100>"}, {"name": "text", "value": "'Нажать на Личный кабинет'"}], "start": 1684319287460, "stop": 1684319287505}, {"name": "Клик по элементу 'Нажать Войти'", "status": "passed", "parameters": [{"name": "element", "value": "<selene.core.entity.Element object at 0x00000169F650A220>"}, {"name": "text", "value": "'Нажать Войти'"}], "start": 1684319287505, "stop": 1684319287653}, {"name": "Заполнение поля 'Поле Email' текстом ''chernikov.kv@lime-shop.com''", "status": "passed", "parameters": [{"name": "element", "value": "<selene.core.entity.Element object at 0x00000169F6503B20>"}, {"name": "text", "value": "'chernikov.kv@lime-shop.com'"}, {"name": "fieldName", "value": "'Поле Email'"}], "start": 1684319287653, "stop": 1684319287768}, {"name": "Заполнение поля 'Поле Пароль' текстом ''VTer38CX''", "status": "passed", "parameters": [{"name": "element", "value": "<selene.core.entity.Element object at 0x00000169F6503C40>"}, {"name": "text", "value": "'VTer38CX'"}, {"name": "fieldName", "value": "'Поле Пароль'"}], "start": 1684319287768, "stop": 1684319287843}, {"name": "Клик по элементу 'Нажать Войти'", "status": "passed", "parameters": [{"name": "element", "value": "<selene.core.entity.Element object at 0x00000169F650A220>"}, {"name": "text", "value": "'Нажать Войти'"}], "start": 1684319287843, "stop": 1684319287883}], "start": 1684319287460, "stop": 1684319287883}, {"name": "Проверка наличия элемента", "status": "passed", "parameters": [{"name": "element", "value": "<selene.core.entity.Element object at 0x00000169F650A340>"}], "start": 1684319287883, "stop": 1684319287913}, {"name": "Клик по элементу 'Закрыть профиль'", "status": "passed", "parameters": [{"name": "element", "value": "<selene.core.entity.Element object at 0x00000169F650A340>"}, {"name": "text", "value": "'Закрыть профиль'"}], "start": 1684319287913, "stop": 1684319287953}, {"name": "Проверка наличия элемента", "status": "passed", "parameters": [{"name": "element", "value": "<selene.core.entity.Element object at 0x00000169F64C7D00>"}], "start": 1684319287953, "stop": 1684319287974}, {"name": "Клик по элементу 'Переход в корзину'", "status": "passed", "parameters": [{"name": "element", "value": "<selene.core.entity.Element object at 0x00000169F64C7D00>"}, {"name": "text", "value": "'Переход в корзину'"}], "start": 1684319290988, "stop": 1684319291019}, {"name": "Проверка наличия элемента", "status": "passed", "parameters": [{"name": "element", "value": "<selene.core.entity.Collection object at 0x00000169F650E670>"}], "start": 1684319294032, "stop": 1684319294057}, {"name": "Открыть страницу https://nuxt-01.qa.lmdev.ru/", "status": "passed", "start": 1684319294061, "stop": 1684319298409}, {"name": "Добавление товара в корзину 1999 рублей", "status": "passed", "steps": [{"name": "Клик по элементу 'гамбургер-меню'", "status": "passed", "parameters": [{"name": "element", "value": "<selene.core.entity.Element object at 0x00000169F64C7550>"}, {"name": "text", "value": "'гамбургер-меню'"}], "start": 1684319303423, "stop": 1684319303461}, {"name": "Клик по элементу 'Блок Нижнее белье'", "status": "passed", "parameters": [{"name": "element", "value": "<selene.core.entity.Element object at 0x00000169F64FC940>"}, {"name": "text", "value": "'Блок Нижнее белье'"}], "start": 1684319303461, "stop": 1684319303503}, {"name": "Клик по элементу 'Подраздел Все модели'", "status": "passed", "parameters": [{"name": "element", "value": "<selene.core.entity.Element object at 0x00000169F64FCB80>"}, {"name": "text", "value": "'Подраздел Все модели'"}], "start": 1684319303503, "stop": 1684319303543}, {"name": "Клик по элементу 'Товар с ценой 1999'", "status": "passed", "parameters": [{"name": "element", "value": "<selene.core.entity.Element object at 0x00000169F65003A0>"}, {"name": "text", "value": "'Товар с ценой 1999'"}], "start": 1684319303543, "stop": 1684319304892}, {"name": "Клик по элементу 'добавить в корзину'", "status": "passed", "parameters": [{"name": "element", "value": "<selene.core.entity.Element object at 0x00000169F64C7AC0>"}, {"name": "text", "value": "'добавить в корзину'"}], "start": 1684319306904, "stop": 1684319307526}], "start": 1684319298409, "stop": 1684319308530}, {"name": "Клик по элементу 'Переход в корзину'", "status": "passed", "parameters": [{"name": "element", "value": "<selene.core.entity.Element object at 0x00000169F64C7D00>"}, {"name": "text", "value": "'Переход в корзину'"}], "start": 1684319308530, "stop": 1684319308582}, {"name": "Проверка наличия товара", "status": "passed", "start": 1684319308582, "stop": 1684319308591}, {"name": "Проверка наличия элемента", "status": "failed", "statusDetails": {"message": "selene.core.exceptions.TimeoutException: Message: \n\nTimed out after 15s, while waiting for:\nbrowser.element(('xpath', \"//button[contains(text(),'Перейти к оформлению')]\")).is visible\n\nReason: NoSuchElementException: Message: no such element: Unable to locate element: {\"method\":\"xpath\",\"selector\":\"//button[contains(text(),'Перейти к оформлению')]\"}\n  (Session info: chrome=113.0.5672.94)\n\nScreenshot: file://C:\\Users\\Qasquad1\\.selene\\screenshots\\1684319164629\\1684319164630.png\nPageSource: file://C:\\Users\\Qasquad1\\.selene\\screenshots\\1684319164629\\1684319164630.html\n\n", "trace": "  File \"C:\\Users\\Qasquad1\\PycharmProjects\\lime-qa\\venv\\lib\\site-packages\\allure_commons\\_allure.py\", line 172, in impl\n    return func(*a, **kw)\n  File \"C:\\Users\\Qasquad1\\PycharmProjects\\lime-qa\\pages\\base.py\", line 65, in wait_element_assure\n    element.assure(visible, 15)\n  File \"C:\\Users\\Qasquad1\\PycharmProjects\\lime-qa\\venv\\lib\\site-packages\\selene\\core\\entity.py\", line 627, in assure\n    return self.should(condition, timeout)\n  File \"C:\\Users\\Qasquad1\\PycharmProjects\\lime-qa\\venv\\lib\\site-packages\\selene\\core\\entity.py\", line 538, in should\n    return self.with_(Config(timeout=timeout)).should(condition)\n  File \"C:\\Users\\Qasquad1\\PycharmProjects\\lime-qa\\venv\\lib\\site-packages\\selene\\core\\entity.py\", line 540, in should\n    super().should(condition)\n  File \"C:\\Users\\Qasquad1\\PycharmProjects\\lime-qa\\venv\\lib\\site-packages\\selene\\core\\entity.py\", line 127, in should\n    self.wait.for_(condition)\n  File \"C:\\Users\\Qasquad1\\PycharmProjects\\lime-qa\\venv\\lib\\site-packages\\selene\\core\\wait.py\", line 125, in for_\n    raise self._hook_failure(failure)\n"}, "parameters": [{"name": "element", "value": "<selene.core.entity.Element object at 0x00000169F650E0D0>"}], "start": 1684319308591, "stop": 1684319323692}], "start": 1684319287460, "stop": 1684319323692}], "attachments": [{"name": "Скринтшот", "source": "c286b415-395d-43e4-96c5-c2b8f1424f48-attachment.png", "type": "image/png"}, {"name": "Логи консоли", "source": "82ead950-f52c-474e-846c-2a64ce14957f-attachment.json", "type": "application/json"}, {"name": "log", "source": "97d941ec-d898-47ac-8166-1f2861aaf505-attachment.txt", "type": "text/plain"}], "start": 1684319287460, "stop": 1684319323696, "uuid": "da5fb29e-2db5-495b-b811-c861e78368f4", "historyId": "cec4b650afb86aac0b732be3a7e74c4d", "testCaseId": "4918dab5777fc4f24ebe793aba8838c6", "fullName": "tests.test_smoke.TestSmoke#test_payment_cart_no_valid_promo", "labels": [{"name": "feature", "value": "Смоук тест"}, {"name": "tag", "value": "@pytest.mark.usefixtures('setup')"}, {"name": "tag", "value": "smoke"}, {"name": "parentSuite", "value": "tests"}, {"name": "suite", "value": "test_smoke"}, {"name": "subSuite", "value": "TestSmoke"}, {"name": "host", "value": "DESKTOP-VLT8PU4"}, {"name": "thread", "value": "15556-MainThread"}, {"name": "framework", "value": "pytest"}, {"name": "language", "value": "cpython3"}, {"name": "package", "value": "tests.test_smoke"}], "links": [{"type": "link", "url": "https://lmdev.testrail.io/index.php?/cases/view/905", "name": "https://lmdev.testrail.io/index.php?/cases/view/905"}]}