{"name": "Проверка валидности поля email", "status": "failed", "statusDetails": {"message": "selene.core.exceptions.TimeoutException: Message: \n\nTimed out after 10s, while waiting for:\nbrowser.element(('xpath', \"//div[contains(text(),'некорректный e-mail')]\")).text\n\nReason: NoSuchElementException: Message: no such element: Unable to locate element: {\"method\":\"xpath\",\"selector\":\"//div[contains(text(),'некорректный e-mail')]\"}\n  (Session info: chrome=113.0.5672.94)\n\nScreenshot: file://C:\\Users\\Qasquad1\\.selene\\screenshots\\1684322463412\\1684322463415.png\nPageSource: file://C:\\Users\\Qasquad1\\.selene\\screenshots\\1684322463412\\1684322463415.html", "trace": "venv\\lib\\site-packages\\selene\\core\\wait.py:102: in for_\n    return fn(self._entity)\nvenv\\lib\\site-packages\\selene\\core\\wait.py:56: in __call__\n    return self._fn(entity)\nvenv\\lib\\site-packages\\selene\\core\\query.py:47: in <lambda>\n    text: Query[Element, str] = Query('text', lambda element: element().text)\nvenv\\lib\\site-packages\\selene\\core\\entity.py:179: in __call__\n    return self._locator()\nvenv\\lib\\site-packages\\selene\\core\\locator.py:34: in __call__\n    return self._locate()\nvenv\\lib\\site-packages\\selene\\core\\entity.py:1529: in <lambda>\n    f'{self}.element({by})', lambda: self.driver.find_element(*by)\nvenv\\lib\\site-packages\\selenium\\webdriver\\remote\\webdriver.py:976: in find_element\n    return self.execute(Command.FIND_ELEMENT, {\nvenv\\lib\\site-packages\\selenium\\webdriver\\remote\\webdriver.py:321: in execute\n    self.error_handler.check_response(response)\nvenv\\lib\\site-packages\\selenium\\webdriver\\remote\\errorhandler.py:242: in check_response\n    raise exception_class(message, screen, stacktrace)\nE   selenium.common.exceptions.NoSuchElementException: Message: no such element: Unable to locate element: {\"method\":\"xpath\",\"selector\":\"//div[contains(text(),'некорректный e-mail')]\"}\nE     (Session info: chrome=113.0.5672.94)\n\nDuring handling of the above exception, another exception occurred:\ntests\\test_login.py:87: in test_field_email\n    page.registration_field_email()\npages\\home.py:144: in registration_field_email\n    message_error = self.get_element_text(self.message_error_email_text_var, \"Текст ошибки поля  пароль не верный или текст отсутствует\")\npages\\base.py:27: in get_element_text\n    return element.get(query.text)\nvenv\\lib\\site-packages\\selene\\core\\entity.py:116: in get\n    return self.wait.for_(query)\nvenv\\lib\\site-packages\\selene\\core\\wait.py:125: in for_\n    raise self._hook_failure(failure)\nE   selene.core.exceptions.TimeoutException: Message: \nE   \nE   Timed out after 10s, while waiting for:\nE   browser.element(('xpath', \"//div[contains(text(),'некорректный e-mail')]\")).text\nE   \nE   Reason: NoSuchElementException: Message: no such element: Unable to locate element: {\"method\":\"xpath\",\"selector\":\"//div[contains(text(),'некорректный e-mail')]\"}\nE     (Session info: chrome=113.0.5672.94)\nE   \nE   Screenshot: file://C:\\Users\\Qasquad1\\.selene\\screenshots\\1684322463412\\1684322463415.png\nE   PageSource: file://C:\\Users\\Qasquad1\\.selene\\screenshots\\1684322463412\\1684322463415.html"}, "steps": [{"name": "Нажать Аккаунт", "status": "passed", "start": 1684322815977, "stop": 1684322816021}, {"name": "Нажать Зарегистрироваться", "status": "passed", "start": 1684322816022, "stop": 1684322816176}, {"name": "Валидация поля Email", "status": "failed", "statusDetails": {"message": "selene.core.exceptions.TimeoutException: Message: \n\nTimed out after 10s, while waiting for:\nbrowser.element(('xpath', \"//div[contains(text(),'некорректный e-mail')]\")).text\n\nReason: NoSuchElementException: Message: no such element: Unable to locate element: {\"method\":\"xpath\",\"selector\":\"//div[contains(text(),'некорректный e-mail')]\"}\n  (Session info: chrome=113.0.5672.94)\n\nScreenshot: file://C:\\Users\\Qasquad1\\.selene\\screenshots\\1684322463412\\1684322463415.png\nPageSource: file://C:\\Users\\Qasquad1\\.selene\\screenshots\\1684322463412\\1684322463415.html\n\n", "trace": "  File \"C:\\Users\\Qasquad1\\PycharmProjects\\lime-qa\\venv\\lib\\site-packages\\allure_commons\\_allure.py\", line 172, in impl\n    return func(*a, **kw)\n  File \"C:\\Users\\Qasquad1\\PycharmProjects\\lime-qa\\pages\\home.py\", line 144, in registration_field_email\n    message_error = self.get_element_text(self.message_error_email_text_var, \"Текст ошибки поля  пароль не верный или текст отсутствует\")\n  File \"C:\\Users\\Qasquad1\\PycharmProjects\\lime-qa\\venv\\lib\\site-packages\\allure_commons\\_allure.py\", line 172, in impl\n    return func(*a, **kw)\n  File \"C:\\Users\\Qasquad1\\PycharmProjects\\lime-qa\\pages\\base.py\", line 27, in get_element_text\n    return element.get(query.text)\n  File \"C:\\Users\\Qasquad1\\PycharmProjects\\lime-qa\\venv\\lib\\site-packages\\selene\\core\\entity.py\", line 116, in get\n    return self.wait.for_(query)\n  File \"C:\\Users\\Qasquad1\\PycharmProjects\\lime-qa\\venv\\lib\\site-packages\\selene\\core\\wait.py\", line 125, in for_\n    raise self._hook_failure(failure)\n"}, "steps": [{"name": "Заполнение поля '' текстом ''mail''", "status": "passed", "parameters": [{"name": "element", "value": "<selene.core.entity.Element object at 0x000001FDD53BC130>"}, {"name": "text", "value": "'mail'"}, {"name": "fieldName", "value": "''"}], "start": 1684322816176, "stop": 1684322816250}, {"name": "Взять текст из элемента ''Текст ошибки поля  пароль не верный или текст отсутствует''", "status": "passed", "parameters": [{"name": "element", "value": "<selene.core.entity.Element object at 0x000001FDD53BCC70>"}, {"name": "allureText", "value": "'Текст ошибки поля  пароль не верный или текст отсутствует'"}], "start": 1684322823318, "stop": 1684322823354}, {"name": "Заполнение поля '' текстом ''mail.mail''", "status": "passed", "parameters": [{"name": "element", "value": "<selene.core.entity.Element object at 0x000001FDD53BC130>"}, {"name": "text", "value": "'mail.mail'"}, {"name": "fieldName", "value": "''"}], "start": 1684322825362, "stop": 1684322825449}, {"name": "Взять текст из элемента ''Текст ошибки поля  пароль не верный или текст отсутствует''", "status": "passed", "parameters": [{"name": "element", "value": "<selene.core.entity.Element object at 0x000001FDD53BCC70>"}, {"name": "allureText", "value": "'Текст ошибки поля  пароль не верный или текст отсутствует'"}], "start": 1684322832506, "stop": 1684322832530}, {"name": "Заполнение поля '' текстом ''mail@mail''", "status": "passed", "parameters": [{"name": "element", "value": "<selene.core.entity.Element object at 0x000001FDD53BC130>"}, {"name": "text", "value": "'mail@mail'"}, {"name": "fieldName", "value": "''"}], "start": 1684322834535, "stop": 1684322834621}, {"name": "Взять текст из элемента ''Текст ошибки поля  пароль не верный или текст отсутствует''", "status": "passed", "parameters": [{"name": "element", "value": "<selene.core.entity.Element object at 0x000001FDD53BCC70>"}, {"name": "allureText", "value": "'Текст ошибки поля  пароль не верный или текст отсутствует'"}], "start": 1684322841669, "stop": 1684322841684}, {"name": "Заполнение поля '' текстом ''mail@mail.r''", "status": "passed", "parameters": [{"name": "element", "value": "<selene.core.entity.Element object at 0x000001FDD53BC130>"}, {"name": "text", "value": "'mail@mail.r'"}, {"name": "fieldName", "value": "''"}], "start": 1684322843685, "stop": 1684322843769}, {"name": "Взять текст из элемента ''Текст ошибки поля  пароль не верный или текст отсутствует''", "status": "passed", "parameters": [{"name": "element", "value": "<selene.core.entity.Element object at 0x000001FDD53BCC70>"}, {"name": "allureText", "value": "'Текст ошибки поля  пароль не верный или текст отсутствует'"}], "start": 1684322850807, "stop": 1684322850824}, {"name": "Заполнение поля '' текстом ''mail@''", "status": "passed", "parameters": [{"name": "element", "value": "<selene.core.entity.Element object at 0x000001FDD53BC130>"}, {"name": "text", "value": "'mail@'"}, {"name": "fieldName", "value": "''"}], "start": 1684322852833, "stop": 1684322852917}, {"name": "Взять текст из элемента ''Текст ошибки поля  пароль не верный или текст отсутствует''", "status": "passed", "parameters": [{"name": "element", "value": "<selene.core.entity.Element object at 0x000001FDD53BCC70>"}, {"name": "allureText", "value": "'Текст ошибки поля  пароль не верный или текст отсутствует'"}], "start": 1684322859967, "stop": 1684322859985}, {"name": "Заполнение поля '' текстом ''мейл@mail.ru''", "status": "passed", "parameters": [{"name": "element", "value": "<selene.core.entity.Element object at 0x000001FDD53BC130>"}, {"name": "text", "value": "'мейл@mail.ru'"}, {"name": "fieldName", "value": "''"}], "start": 1684322861991, "stop": 1684322862083}, {"name": "Взять текст из элемента ''Текст ошибки поля  пароль не верный или текст отсутствует''", "status": "failed", "statusDetails": {"message": "selene.core.exceptions.TimeoutException: Message: \n\nTimed out after 10s, while waiting for:\nbrowser.element(('xpath', \"//div[contains(text(),'некорректный e-mail')]\")).text\n\nReason: NoSuchElementException: Message: no such element: Unable to locate element: {\"method\":\"xpath\",\"selector\":\"//div[contains(text(),'некорректный e-mail')]\"}\n  (Session info: chrome=113.0.5672.94)\n\nScreenshot: file://C:\\Users\\Qasquad1\\.selene\\screenshots\\1684322463412\\1684322463415.png\nPageSource: file://C:\\Users\\Qasquad1\\.selene\\screenshots\\1684322463412\\1684322463415.html\n\n", "trace": "  File \"C:\\Users\\Qasquad1\\PycharmProjects\\lime-qa\\venv\\lib\\site-packages\\allure_commons\\_allure.py\", line 172, in impl\n    return func(*a, **kw)\n  File \"C:\\Users\\Qasquad1\\PycharmProjects\\lime-qa\\pages\\base.py\", line 27, in get_element_text\n    return element.get(query.text)\n  File \"C:\\Users\\Qasquad1\\PycharmProjects\\lime-qa\\venv\\lib\\site-packages\\selene\\core\\entity.py\", line 116, in get\n    return self.wait.for_(query)\n  File \"C:\\Users\\Qasquad1\\PycharmProjects\\lime-qa\\venv\\lib\\site-packages\\selene\\core\\wait.py\", line 125, in for_\n    raise self._hook_failure(failure)\n"}, "parameters": [{"name": "element", "value": "<selene.core.entity.Element object at 0x000001FDD53BCC70>"}, {"name": "allureText", "value": "'Текст ошибки поля  пароль не верный или текст отсутствует'"}], "start": 1684322869135, "stop": 1684322879555}], "start": 1684322816176, "stop": 1684322879555}], "attachments": [{"name": "Скринтшот", "source": "2395de8a-d034-477b-930c-878ac8237e23-attachment.png", "type": "image/png"}, {"name": "Логи консоли", "source": "c2885789-455e-4bd0-9dc8-22236d2271f3-attachment.json", "type": "application/json"}, {"name": "log", "source": "7eb7b028-1efd-4240-bb87-d906bd97f1b3-attachment.txt", "type": "text/plain"}], "start": 1684322815976, "stop": 1684322879556, "uuid": "1f895adc-2aae-4535-bbad-381357476db5", "historyId": "0cc81e0474bc006509c2841748279852", "testCaseId": "2a3cb9a75e79c243aed59c4006152af4", "fullName": "tests.test_login.TestLogin#test_field_email", "labels": [{"name": "feature", "value": "Тесты логина"}, {"name": "tag", "value": "@pytest.mark.usefixtures('setup')"}, {"name": "tag", "value": "login"}, {"name": "parentSuite", "value": "tests"}, {"name": "suite", "value": "test_login"}, {"name": "subSuite", "value": "TestLogin"}, {"name": "host", "value": "DESKTOP-VLT8PU4"}, {"name": "thread", "value": "12240-MainThread"}, {"name": "framework", "value": "pytest"}, {"name": "language", "value": "cpython3"}, {"name": "package", "value": "tests.test_login"}]}