{"name": "Проверка валидности поля email", "status": "failed", "statusDetails": {"message": "selene.core.exceptions.TimeoutException: Message: \n\nTimed out after 10s, while waiting for:\nbrowser.element(('xpath', \"//div[contains(text(),'некорректный e-mail')]\")).text\n\nReason: NoSuchElementException: Message: no such element: Unable to locate element: {\"method\":\"xpath\",\"selector\":\"//div[contains(text(),'некорректный e-mail')]\"}\n  (Session info: chrome=113.0.5672.94)\n\nScreenshot: file://C:\\Users\\Qasquad1\\.selene\\screenshots\\1684320964491\\1684320964493.png\nPageSource: file://C:\\Users\\Qasquad1\\.selene\\screenshots\\1684320964491\\1684320964493.html", "trace": "venv\\lib\\site-packages\\selene\\core\\wait.py:102: in for_\n    return fn(self._entity)\nvenv\\lib\\site-packages\\selene\\core\\wait.py:56: in __call__\n    return self._fn(entity)\nvenv\\lib\\site-packages\\selene\\core\\query.py:47: in <lambda>\n    text: Query[Element, str] = Query('text', lambda element: element().text)\nvenv\\lib\\site-packages\\selene\\core\\entity.py:179: in __call__\n    return self._locator()\nvenv\\lib\\site-packages\\selene\\core\\locator.py:34: in __call__\n    return self._locate()\nvenv\\lib\\site-packages\\selene\\core\\entity.py:1529: in <lambda>\n    f'{self}.element({by})', lambda: self.driver.find_element(*by)\nvenv\\lib\\site-packages\\selenium\\webdriver\\remote\\webdriver.py:976: in find_element\n    return self.execute(Command.FIND_ELEMENT, {\nvenv\\lib\\site-packages\\selenium\\webdriver\\remote\\webdriver.py:321: in execute\n    self.error_handler.check_response(response)\nvenv\\lib\\site-packages\\selenium\\webdriver\\remote\\errorhandler.py:242: in check_response\n    raise exception_class(message, screen, stacktrace)\nE   selenium.common.exceptions.NoSuchElementException: Message: no such element: Unable to locate element: {\"method\":\"xpath\",\"selector\":\"//div[contains(text(),'некорректный e-mail')]\"}\nE     (Session info: chrome=113.0.5672.94)\n\nDuring handling of the above exception, another exception occurred:\ntests\\test_login.py:82: in test_field_email\n    page.registration_field_email()\npages\\home.py:144: in registration_field_email\n    message_error = self.get_element_text(self.message_error_email_text_var, \"Текст ошибки поля  пароль не верный или текст отсутствует\")\npages\\base.py:27: in get_element_text\n    return element.get(query.text)\nvenv\\lib\\site-packages\\selene\\core\\entity.py:116: in get\n    return self.wait.for_(query)\nvenv\\lib\\site-packages\\selene\\core\\wait.py:125: in for_\n    raise self._hook_failure(failure)\nE   selene.core.exceptions.TimeoutException: Message: \nE   \nE   Timed out after 10s, while waiting for:\nE   browser.element(('xpath', \"//div[contains(text(),'некорректный e-mail')]\")).text\nE   \nE   Reason: NoSuchElementException: Message: no such element: Unable to locate element: {\"method\":\"xpath\",\"selector\":\"//div[contains(text(),'некорректный e-mail')]\"}\nE     (Session info: chrome=113.0.5672.94)\nE   \nE   Screenshot: file://C:\\Users\\Qasquad1\\.selene\\screenshots\\1684320964491\\1684320964493.png\nE   PageSource: file://C:\\Users\\Qasquad1\\.selene\\screenshots\\1684320964491\\1684320964493.html"}, "steps": [{"name": "Нажать Аккаунт", "status": "passed", "start": 1684321062598, "stop": 1684321062649}, {"name": "Нажать Зарегистрироваться", "status": "passed", "start": 1684321062650, "stop": 1684321062807}, {"name": "Валидация поля Email", "status": "failed", "statusDetails": {"message": "selene.core.exceptions.TimeoutException: Message: \n\nTimed out after 10s, while waiting for:\nbrowser.element(('xpath', \"//div[contains(text(),'некорректный e-mail')]\")).text\n\nReason: NoSuchElementException: Message: no such element: Unable to locate element: {\"method\":\"xpath\",\"selector\":\"//div[contains(text(),'некорректный e-mail')]\"}\n  (Session info: chrome=113.0.5672.94)\n\nScreenshot: file://C:\\Users\\Qasquad1\\.selene\\screenshots\\1684320964491\\1684320964493.png\nPageSource: file://C:\\Users\\Qasquad1\\.selene\\screenshots\\1684320964491\\1684320964493.html\n\n", "trace": "  File \"C:\\Users\\Qasquad1\\PycharmProjects\\lime-qa\\venv\\lib\\site-packages\\allure_commons\\_allure.py\", line 172, in impl\n    return func(*a, **kw)\n  File \"C:\\Users\\Qasquad1\\PycharmProjects\\lime-qa\\pages\\home.py\", line 144, in registration_field_email\n    message_error = self.get_element_text(self.message_error_email_text_var, \"Текст ошибки поля  пароль не верный или текст отсутствует\")\n  File \"C:\\Users\\Qasquad1\\PycharmProjects\\lime-qa\\venv\\lib\\site-packages\\allure_commons\\_allure.py\", line 172, in impl\n    return func(*a, **kw)\n  File \"C:\\Users\\Qasquad1\\PycharmProjects\\lime-qa\\pages\\base.py\", line 27, in get_element_text\n    return element.get(query.text)\n  File \"C:\\Users\\Qasquad1\\PycharmProjects\\lime-qa\\venv\\lib\\site-packages\\selene\\core\\entity.py\", line 116, in get\n    return self.wait.for_(query)\n  File \"C:\\Users\\Qasquad1\\PycharmProjects\\lime-qa\\venv\\lib\\site-packages\\selene\\core\\wait.py\", line 125, in for_\n    raise self._hook_failure(failure)\n"}, "steps": [{"name": "Заполнение поля '' текстом ''mail''", "status": "passed", "parameters": [{"name": "element", "value": "<selene.core.entity.Element object at 0x00000122A616C0D0>"}, {"name": "text", "value": "'mail'"}, {"name": "fieldName", "value": "''"}], "start": 1684321062808, "stop": 1684321062921}, {"name": "Взять текст из элемента ''Текст ошибки поля  пароль не верный или текст отсутствует''", "status": "passed", "parameters": [{"name": "element", "value": "<selene.core.entity.Element object at 0x00000122A616CC10>"}, {"name": "allureText", "value": "'Текст ошибки поля  пароль не верный или текст отсутствует'"}], "start": 1684321070022, "stop": 1684321070041}, {"name": "Заполнение поля '' текстом ''mail.mail''", "status": "passed", "parameters": [{"name": "element", "value": "<selene.core.entity.Element object at 0x00000122A616C0D0>"}, {"name": "text", "value": "'mail.mail'"}, {"name": "fieldName", "value": "''"}], "start": 1684321072054, "stop": 1684321072134}, {"name": "Взять текст из элемента ''Текст ошибки поля  пароль не верный или текст отсутствует''", "status": "passed", "parameters": [{"name": "element", "value": "<selene.core.entity.Element object at 0x00000122A616CC10>"}, {"name": "allureText", "value": "'Текст ошибки поля  пароль не верный или текст отсутствует'"}], "start": 1684321079176, "stop": 1684321079194}, {"name": "Заполнение поля '' текстом ''mail@mail''", "status": "passed", "parameters": [{"name": "element", "value": "<selene.core.entity.Element object at 0x00000122A616C0D0>"}, {"name": "text", "value": "'mail@mail'"}, {"name": "fieldName", "value": "''"}], "start": 1684321081199, "stop": 1684321081282}, {"name": "Взять текст из элемента ''Текст ошибки поля  пароль не верный или текст отсутствует''", "status": "passed", "parameters": [{"name": "element", "value": "<selene.core.entity.Element object at 0x00000122A616CC10>"}, {"name": "allureText", "value": "'Текст ошибки поля  пароль не верный или текст отсутствует'"}], "start": 1684321088313, "stop": 1684321088330}, {"name": "Заполнение поля '' текстом ''mail@mail.r''", "status": "passed", "parameters": [{"name": "element", "value": "<selene.core.entity.Element object at 0x00000122A616C0D0>"}, {"name": "text", "value": "'mail@mail.r'"}, {"name": "fieldName", "value": "''"}], "start": 1684321090338, "stop": 1684321090434}, {"name": "Взять текст из элемента ''Текст ошибки поля  пароль не верный или текст отсутствует''", "status": "passed", "parameters": [{"name": "element", "value": "<selene.core.entity.Element object at 0x00000122A616CC10>"}, {"name": "allureText", "value": "'Текст ошибки поля  пароль не верный или текст отсутствует'"}], "start": 1684321097470, "stop": 1684321097486}, {"name": "Заполнение поля '' текстом ''mail@''", "status": "passed", "parameters": [{"name": "element", "value": "<selene.core.entity.Element object at 0x00000122A616C0D0>"}, {"name": "text", "value": "'mail@'"}, {"name": "fieldName", "value": "''"}], "start": 1684321099492, "stop": 1684321099551}, {"name": "Взять текст из элемента ''Текст ошибки поля  пароль не верный или текст отсутствует''", "status": "passed", "parameters": [{"name": "element", "value": "<selene.core.entity.Element object at 0x00000122A616CC10>"}, {"name": "allureText", "value": "'Текст ошибки поля  пароль не верный или текст отсутствует'"}], "start": 1684321106599, "stop": 1684321106625}, {"name": "Заполнение поля '' текстом ''мейл@mail.ru''", "status": "passed", "parameters": [{"name": "element", "value": "<selene.core.entity.Element object at 0x00000122A616C0D0>"}, {"name": "text", "value": "'мейл@mail.ru'"}, {"name": "fieldName", "value": "''"}], "start": 1684321108631, "stop": 1684321108722}, {"name": "Взять текст из элемента ''Текст ошибки поля  пароль не верный или текст отсутствует''", "status": "failed", "statusDetails": {"message": "selene.core.exceptions.TimeoutException: Message: \n\nTimed out after 10s, while waiting for:\nbrowser.element(('xpath', \"//div[contains(text(),'некорректный e-mail')]\")).text\n\nReason: NoSuchElementException: Message: no such element: Unable to locate element: {\"method\":\"xpath\",\"selector\":\"//div[contains(text(),'некорректный e-mail')]\"}\n  (Session info: chrome=113.0.5672.94)\n\nScreenshot: file://C:\\Users\\Qasquad1\\.selene\\screenshots\\1684320964491\\1684320964493.png\nPageSource: file://C:\\Users\\Qasquad1\\.selene\\screenshots\\1684320964491\\1684320964493.html\n\n", "trace": "  File \"C:\\Users\\Qasquad1\\PycharmProjects\\lime-qa\\venv\\lib\\site-packages\\allure_commons\\_allure.py\", line 172, in impl\n    return func(*a, **kw)\n  File \"C:\\Users\\Qasquad1\\PycharmProjects\\lime-qa\\pages\\base.py\", line 27, in get_element_text\n    return element.get(query.text)\n  File \"C:\\Users\\Qasquad1\\PycharmProjects\\lime-qa\\venv\\lib\\site-packages\\selene\\core\\entity.py\", line 116, in get\n    return self.wait.for_(query)\n  File \"C:\\Users\\Qasquad1\\PycharmProjects\\lime-qa\\venv\\lib\\site-packages\\selene\\core\\wait.py\", line 125, in for_\n    raise self._hook_failure(failure)\n"}, "parameters": [{"name": "element", "value": "<selene.core.entity.Element object at 0x00000122A616CC10>"}, {"name": "allureText", "value": "'Текст ошибки поля  пароль не верный или текст отсутствует'"}], "start": 1684321115768, "stop": 1684321126308}], "start": 1684321062808, "stop": 1684321126309}], "attachments": [{"name": "Скринтшот", "source": "9a9a8f03-b4aa-4cac-95f5-587508a84afe-attachment.png", "type": "image/png"}, {"name": "Логи консоли", "source": "e456a0c6-f54e-4bd5-a0aa-5374bbf37109-attachment.json", "type": "application/json"}, {"name": "log", "source": "87ac236e-72a3-4b08-8da7-fff9bc732823-attachment.txt", "type": "text/plain"}], "start": 1684321062598, "stop": 1684321126309, "uuid": "d39d870d-b774-45cc-88a4-be5ccf0bc54b", "historyId": "0cc81e0474bc006509c2841748279852", "testCaseId": "2a3cb9a75e79c243aed59c4006152af4", "fullName": "tests.test_login.TestLogin#test_field_email", "labels": [{"name": "feature", "value": "Тесты логина"}, {"name": "tag", "value": "@pytest.mark.usefixtures('setup')"}, {"name": "parentSuite", "value": "tests"}, {"name": "suite", "value": "test_login"}, {"name": "subSuite", "value": "TestLogin"}, {"name": "host", "value": "DESKTOP-VLT8PU4"}, {"name": "thread", "value": "8372-MainThread"}, {"name": "framework", "value": "pytest"}, {"name": "language", "value": "cpython3"}, {"name": "package", "value": "tests.test_login"}]}