{"name": "Проверка выпадающего меню каталога Одежда. Раздел с вложенными подразделами", "status": "failed", "statusDetails": {"message": "selene.core.exceptions.TimeoutException: Message: \n\nTimed out after 10s, while waiting for:\nbrowser.element(('xpath', \"(//div[@class = 'hamburger-menu burger open'])[1]\")).click\n\nReason: NoSuchElementException: Message: no such element: Unable to locate element: {\"method\":\"xpath\",\"selector\":\"(//div[@class = 'hamburger-menu burger open'])[1]\"}\n  (Session info: chrome=113.0.5672.94)\n\nScreenshot: file://C:\\Users\\Qasquad1\\.selene\\screenshots\\1684319164629\\1684319164634.png\nPageSource: file://C:\\Users\\Qasquad1\\.selene\\screenshots\\1684319164629\\1684319164634.html", "trace": "venv\\lib\\site-packages\\selene\\core\\wait.py:102: in for_\n    return fn(self._entity)\nvenv\\lib\\site-packages\\selene\\core\\wait.py:56: in __call__\n    return self._fn(entity)\nvenv\\lib\\site-packages\\selene\\core\\entity.py:465: in <lambda>\n    self.wait.command('click', lambda element: element().click())\nvenv\\lib\\site-packages\\selene\\core\\entity.py:179: in __call__\n    return self._locator()\nvenv\\lib\\site-packages\\selene\\core\\locator.py:34: in __call__\n    return self._locate()\nvenv\\lib\\site-packages\\selene\\core\\entity.py:1529: in <lambda>\n    f'{self}.element({by})', lambda: self.driver.find_element(*by)\nvenv\\lib\\site-packages\\selenium\\webdriver\\remote\\webdriver.py:976: in find_element\n    return self.execute(Command.FIND_ELEMENT, {\nvenv\\lib\\site-packages\\selenium\\webdriver\\remote\\webdriver.py:321: in execute\n    self.error_handler.check_response(response)\nvenv\\lib\\site-packages\\selenium\\webdriver\\remote\\errorhandler.py:242: in check_response\n    raise exception_class(message, screen, stacktrace)\nE   selenium.common.exceptions.NoSuchElementException: Message: no such element: Unable to locate element: {\"method\":\"xpath\",\"selector\":\"(//div[@class = 'hamburger-menu burger open'])[1]\"}\nE     (Session info: chrome=113.0.5672.94)\n\nDuring handling of the above exception, another exception occurred:\ntests\\test_smoke.py:114: in test_burger_menu_check_products_sections\n    page.click(page.hamburger_menu_close, \" закрыть гамбургер меню\")\npages\\base.py:39: in click\n    element.click()\nvenv\\lib\\site-packages\\selene\\core\\entity.py:465: in click\n    self.wait.command('click', lambda element: element().click())\nvenv\\lib\\site-packages\\selene\\core\\wait.py:136: in command\n    self.for_(Command(description, fn))\nvenv\\lib\\site-packages\\selene\\core\\wait.py:125: in for_\n    raise self._hook_failure(failure)\nE   selene.core.exceptions.TimeoutException: Message: \nE   \nE   Timed out after 10s, while waiting for:\nE   browser.element(('xpath', \"(//div[@class = 'hamburger-menu burger open'])[1]\")).click\nE   \nE   Reason: NoSuchElementException: Message: no such element: Unable to locate element: {\"method\":\"xpath\",\"selector\":\"(//div[@class = 'hamburger-menu burger open'])[1]\"}\nE     (Session info: chrome=113.0.5672.94)\nE   \nE   Screenshot: file://C:\\Users\\Qasquad1\\.selene\\screenshots\\1684319164629\\1684319164634.png\nE   PageSource: file://C:\\Users\\Qasquad1\\.selene\\screenshots\\1684319164629\\1684319164634.html"}, "steps": [{"name": "Клик по элементу ' гамбургер меню'", "status": "passed", "parameters": [{"name": "element", "value": "<selene.core.entity.Element object at 0x00000169F65671F0>"}, {"name": "text", "value": "' гамбургер меню'"}], "start": 1684319718633, "stop": 1684319718670}, {"name": "Проверка наличия элемента", "status": "passed", "parameters": [{"name": "element", "value": "<selene.core.entity.Element object at 0x00000169F656B670>"}], "start": 1684319718670, "stop": 1684319718688}, {"name": "Клик по элементу ' категория ОДЕЖДА'", "status": "passed", "parameters": [{"name": "element", "value": "<selene.core.entity.Element object at 0x00000169F6567550>"}, {"name": "text", "value": "' категория ОДЕЖДА'"}], "start": 1684319718688, "stop": 1684319718730}, {"name": "Рандомный подраздела каталога", "status": "passed", "start": 1684319718731, "stop": 1684319718777}, {"name": "Клик по элементу ' закрыть категория ОДЕЖДА'", "status": "passed", "parameters": [{"name": "element", "value": "<selene.core.entity.Element object at 0x00000169F6567550>"}, {"name": "text", "value": "' закрыть категория ОДЕЖДА'"}], "start": 1684319718777, "stop": 1684319718807}, {"name": "Клик по элементу ' закрыть гамбургер меню'", "status": "failed", "statusDetails": {"message": "selene.core.exceptions.TimeoutException: Message: \n\nTimed out after 10s, while waiting for:\nbrowser.element(('xpath', \"(//div[@class = 'hamburger-menu burger open'])[1]\")).click\n\nReason: NoSuchElementException: Message: no such element: Unable to locate element: {\"method\":\"xpath\",\"selector\":\"(//div[@class = 'hamburger-menu burger open'])[1]\"}\n  (Session info: chrome=113.0.5672.94)\n\nScreenshot: file://C:\\Users\\Qasquad1\\.selene\\screenshots\\1684319164629\\1684319164634.png\nPageSource: file://C:\\Users\\Qasquad1\\.selene\\screenshots\\1684319164629\\1684319164634.html\n\n", "trace": "  File \"C:\\Users\\Qasquad1\\PycharmProjects\\lime-qa\\venv\\lib\\site-packages\\allure_commons\\_allure.py\", line 172, in impl\n    return func(*a, **kw)\n  File \"C:\\Users\\Qasquad1\\PycharmProjects\\lime-qa\\pages\\base.py\", line 39, in click\n    element.click()\n  File \"C:\\Users\\Qasquad1\\PycharmProjects\\lime-qa\\venv\\lib\\site-packages\\selene\\core\\entity.py\", line 465, in click\n    self.wait.command('click', lambda element: element().click())\n  File \"C:\\Users\\Qasquad1\\PycharmProjects\\lime-qa\\venv\\lib\\site-packages\\selene\\core\\wait.py\", line 136, in command\n    self.for_(Command(description, fn))\n  File \"C:\\Users\\Qasquad1\\PycharmProjects\\lime-qa\\venv\\lib\\site-packages\\selene\\core\\wait.py\", line 125, in for_\n    raise self._hook_failure(failure)\n"}, "parameters": [{"name": "element", "value": "<selene.core.entity.Element object at 0x00000169F6567310>"}, {"name": "text", "value": "' закрыть гамбургер меню'"}], "start": 1684319721809, "stop": 1684319732055}], "attachments": [{"name": "Скринтшот", "source": "434377d8-fd49-4f0e-bc7f-0225013f71b5-attachment.png", "type": "image/png"}, {"name": "Логи консоли", "source": "7964d726-172d-4a33-a5b3-287eb32fd575-attachment.json", "type": "application/json"}, {"name": "log", "source": "2e197790-5920-47b7-8c3a-7211f71227e7-attachment.txt", "type": "text/plain"}], "start": 1684319718633, "stop": 1684319732056, "uuid": "916c5439-bf28-48dd-8bb8-f2e7a9976b0f", "historyId": "b80f149e70fdcb7c049f02b33dc442a8", "testCaseId": "fc5d90263b23316d0ca934e1373ae4a8", "fullName": "tests.test_smoke.TestSmoke#test_burger_menu_check_products_sections", "labels": [{"name": "feature", "value": "Смоук тест"}, {"name": "tag", "value": "@pytest.mark.usefixtures('setup')"}, {"name": "tag", "value": "smoke"}, {"name": "parentSuite", "value": "tests"}, {"name": "suite", "value": "test_smoke"}, {"name": "subSuite", "value": "TestSmoke"}, {"name": "host", "value": "DESKTOP-VLT8PU4"}, {"name": "thread", "value": "15556-MainThread"}, {"name": "framework", "value": "pytest"}, {"name": "language", "value": "cpython3"}, {"name": "package", "value": "tests.test_smoke"}], "links": [{"type": "link", "url": "https://lmdev.testrail.io/index.php?/cases/view/1600", "name": "https://lmdev.testrail.io/index.php?/cases/view/1600"}]}