{"name": "Регистрация без чек-бокса рассылки", "status": "failed", "statusDetails": {"message": "selene.core.exceptions.TimeoutException: Message: \n\nTimed out after 10s, while waiting for:\nbrowser.element(('xpath', '//button[contains(.,\"Выйти\")]')).is visible\n\nReason: NoSuchElementException: Message: no such element: Unable to locate element: {\"method\":\"xpath\",\"selector\":\"//button[contains(.,\"Выйти\")]\"}\n  (Session info: chrome=113.0.5672.94)\n\nScreenshot: file://C:\\Users\\Qasquad1\\.selene\\screenshots\\1684320964491\\1684320964497.png\nPageSource: file://C:\\Users\\Qasquad1\\.selene\\screenshots\\1684320964491\\1684320964497.html", "trace": "venv\\lib\\site-packages\\selene\\core\\wait.py:102: in for_\n    return fn(self._entity)\nvenv\\lib\\site-packages\\selene\\core\\condition.py:136: in __call__\n    return self._fn(*args, **kwargs)\nvenv\\lib\\site-packages\\selene\\core\\condition.py:91: in fn\n    if not predicate(entity):\nvenv\\lib\\site-packages\\selene\\core\\match.py:37: in <lambda>\n    'is visible', lambda element: element().is_displayed()\nvenv\\lib\\site-packages\\selene\\core\\entity.py:179: in __call__\n    return self._locator()\nvenv\\lib\\site-packages\\selene\\core\\locator.py:34: in __call__\n    return self._locate()\nvenv\\lib\\site-packages\\selene\\core\\entity.py:1529: in <lambda>\n    f'{self}.element({by})', lambda: self.driver.find_element(*by)\nvenv\\lib\\site-packages\\selenium\\webdriver\\remote\\webdriver.py:976: in find_element\n    return self.execute(Command.FIND_ELEMENT, {\nvenv\\lib\\site-packages\\selenium\\webdriver\\remote\\webdriver.py:321: in execute\n    self.error_handler.check_response(response)\nvenv\\lib\\site-packages\\selenium\\webdriver\\remote\\errorhandler.py:242: in check_response\n    raise exception_class(message, screen, stacktrace)\nE   selenium.common.exceptions.NoSuchElementException: Message: no such element: Unable to locate element: {\"method\":\"xpath\",\"selector\":\"//button[contains(.,\"Выйти\")]\"}\nE     (Session info: chrome=113.0.5672.94)\n\nDuring handling of the above exception, another exception occurred:\ntests\\test_login.py:72: in test_registration_none_mailing\n    page.check_logout_btn_is_visible()\npages\\login.py:41: in check_logout_btn_is_visible\n    self.logout_btn.should(be.visible)\nvenv\\lib\\site-packages\\selene\\core\\entity.py:540: in should\n    super().should(condition)\nvenv\\lib\\site-packages\\selene\\core\\entity.py:127: in should\n    self.wait.for_(condition)\nvenv\\lib\\site-packages\\selene\\core\\wait.py:125: in for_\n    raise self._hook_failure(failure)\nE   selene.core.exceptions.TimeoutException: Message: \nE   \nE   Timed out after 10s, while waiting for:\nE   browser.element(('xpath', '//button[contains(.,\"Выйти\")]')).is visible\nE   \nE   Reason: NoSuchElementException: Message: no such element: Unable to locate element: {\"method\":\"xpath\",\"selector\":\"//button[contains(.,\"Выйти\")]\"}\nE     (Session info: chrome=113.0.5672.94)\nE   \nE   Screenshot: file://C:\\Users\\Qasquad1\\.selene\\screenshots\\1684320964491\\1684320964497.png\nE   PageSource: file://C:\\Users\\Qasquad1\\.selene\\screenshots\\1684320964491\\1684320964497.html"}, "steps": [{"name": "Нажать Аккаунт", "status": "passed", "start": 1684321434827, "stop": 1684321434875}, {"name": "Нажать Зарегистрироваться", "status": "passed", "start": 1684321434875, "stop": 1684321435042}, {"name": "Заполнение всех полей регистрации со снятием чек-бокса рассылки", "status": "passed", "steps": [{"name": "Заполнение поля ' почта' текстом ''test2009@test.ru''", "status": "passed", "parameters": [{"name": "element", "value": "<selene.core.entity.Element object at 0x00000122A616C0D0>"}, {"name": "text", "value": "'test2009@test.ru'"}, {"name": "fieldName", "value": "' почта'"}], "start": 1684321435042, "stop": 1684321435164}, {"name": "Заполнение поля ' номер телефона' текстом ''+79998887755''", "status": "passed", "parameters": [{"name": "element", "value": "<selene.core.entity.Element object at 0x00000122A616C1F0>"}, {"name": "text", "value": "'+79998887755'"}, {"name": "fieldName", "value": "' номер телефона'"}], "start": 1684321435165, "stop": 1684321435272}, {"name": "Заполнение поля ' ИМЯ' текстом ''Test''", "status": "passed", "parameters": [{"name": "element", "value": "<selene.core.entity.Element object at 0x00000122A616C310>"}, {"name": "text", "value": "'Test'"}, {"name": "fieldName", "value": "' ИМЯ'"}], "start": 1684321435272, "stop": 1684321435344}, {"name": "Заполнение поля ' ФАМИЛИЯ' текстом ''Testerov''", "status": "passed", "parameters": [{"name": "element", "value": "<selene.core.entity.Element object at 0x00000122A616C550>"}, {"name": "text", "value": "'Testerov'"}, {"name": "fieldName", "value": "' ФАМИЛИЯ'"}], "start": 1684321435344, "stop": 1684321435431}, {"name": "Заполнение поля ' НОВЫЙ ПАРОЛЬ' текстом ''123456789''", "status": "passed", "parameters": [{"name": "element", "value": "<selene.core.entity.Element object at 0x00000122A616C670>"}, {"name": "text", "value": "'123456789'"}, {"name": "fieldName", "value": "' НОВЫЙ ПАРОЛЬ'"}], "start": 1684321435431, "stop": 1684321435515}, {"name": "Заполнение поля ' ПОДТВЕРДИТЕ ПАРОЛЬ' текстом ''123456789''", "status": "passed", "parameters": [{"name": "element", "value": "<selene.core.entity.Element object at 0x00000122A616C790>"}, {"name": "text", "value": "'123456789'"}, {"name": "fieldName", "value": "' ПОДТВЕРДИТЕ ПАРОЛЬ'"}], "start": 1684321435515, "stop": 1684321435602}], "start": 1684321435042, "stop": 1684321435676}, {"name": "Проверить что кнопка Выйти отображается", "status": "failed", "statusDetails": {"message": "selene.core.exceptions.TimeoutException: Message: \n\nTimed out after 10s, while waiting for:\nbrowser.element(('xpath', '//button[contains(.,\"Выйти\")]')).is visible\n\nReason: NoSuchElementException: Message: no such element: Unable to locate element: {\"method\":\"xpath\",\"selector\":\"//button[contains(.,\"Выйти\")]\"}\n  (Session info: chrome=113.0.5672.94)\n\nScreenshot: file://C:\\Users\\Qasquad1\\.selene\\screenshots\\1684320964491\\1684320964497.png\nPageSource: file://C:\\Users\\Qasquad1\\.selene\\screenshots\\1684320964491\\1684320964497.html\n\n", "trace": "  File \"C:\\Users\\Qasquad1\\PycharmProjects\\lime-qa\\venv\\lib\\site-packages\\allure_commons\\_allure.py\", line 172, in impl\n    return func(*a, **kw)\n  File \"C:\\Users\\Qasquad1\\PycharmProjects\\lime-qa\\pages\\login.py\", line 41, in check_logout_btn_is_visible\n    self.logout_btn.should(be.visible)\n  File \"C:\\Users\\Qasquad1\\PycharmProjects\\lime-qa\\venv\\lib\\site-packages\\selene\\core\\entity.py\", line 540, in should\n    super().should(condition)\n  File \"C:\\Users\\Qasquad1\\PycharmProjects\\lime-qa\\venv\\lib\\site-packages\\selene\\core\\entity.py\", line 127, in should\n    self.wait.for_(condition)\n  File \"C:\\Users\\Qasquad1\\PycharmProjects\\lime-qa\\venv\\lib\\site-packages\\selene\\core\\wait.py\", line 125, in for_\n    raise self._hook_failure(failure)\n"}, "start": 1684321438691, "stop": 1684321449262}], "attachments": [{"name": "Скринтшот", "source": "e9ce6f6b-5620-41ef-94ba-9caa7dce71c5-attachment.png", "type": "image/png"}, {"name": "Логи консоли", "source": "0d8d8512-f1a6-4c81-8709-91de7ba3ef76-attachment.json", "type": "application/json"}, {"name": "log", "source": "32a2c7dc-5e7a-495f-b22c-a7e7114694fe-attachment.txt", "type": "text/plain"}], "start": 1684321434827, "stop": 1684321449263, "uuid": "7989bbf4-6b8b-41de-9db9-c8ecef2ce332", "historyId": "997e32be1130bd8a5e359ff7004fdbe5", "testCaseId": "5f9ef3746e316f693f521e15fdf96a3d", "fullName": "tests.test_login.TestLogin#test_registration_none_mailing", "labels": [{"name": "feature", "value": "Тесты логина"}, {"name": "tag", "value": "@pytest.mark.usefixtures('setup')"}, {"name": "parentSuite", "value": "tests"}, {"name": "suite", "value": "test_login"}, {"name": "subSuite", "value": "TestLogin"}, {"name": "host", "value": "DESKTOP-VLT8PU4"}, {"name": "thread", "value": "8372-MainThread"}, {"name": "framework", "value": "pytest"}, {"name": "language", "value": "cpython3"}, {"name": "package", "value": "tests.test_login"}]}