{"name": "Успешная регистрация", "status": "failed", "statusDetails": {"message": "selene.core.exceptions.TimeoutException: Message: \n\nTimed out after 10s, while waiting for:\nbrowser.element(('xpath', '//button[contains(.,\"Выйти\")]')).is visible\n\nReason: NoSuchElementException: Message: no such element: Unable to locate element: {\"method\":\"xpath\",\"selector\":\"//button[contains(.,\"Выйти\")]\"}\n  (Session info: chrome=113.0.5672.94)\n\nScreenshot: file://C:\\Users\\Qasquad1\\.selene\\screenshots\\1684322463412\\1684322463416.png\nPageSource: file://C:\\Users\\Qasquad1\\.selene\\screenshots\\1684322463412\\1684322463416.html", "trace": "venv\\lib\\site-packages\\selene\\core\\wait.py:102: in for_\n    return fn(self._entity)\nvenv\\lib\\site-packages\\selene\\core\\condition.py:136: in __call__\n    return self._fn(*args, **kwargs)\nvenv\\lib\\site-packages\\selene\\core\\condition.py:91: in fn\n    if not predicate(entity):\nvenv\\lib\\site-packages\\selene\\core\\match.py:37: in <lambda>\n    'is visible', lambda element: element().is_displayed()\nvenv\\lib\\site-packages\\selene\\core\\entity.py:179: in __call__\n    return self._locator()\nvenv\\lib\\site-packages\\selene\\core\\locator.py:34: in __call__\n    return self._locate()\nvenv\\lib\\site-packages\\selene\\core\\entity.py:1529: in <lambda>\n    f'{self}.element({by})', lambda: self.driver.find_element(*by)\nvenv\\lib\\site-packages\\selenium\\webdriver\\remote\\webdriver.py:976: in find_element\n    return self.execute(Command.FIND_ELEMENT, {\nvenv\\lib\\site-packages\\selenium\\webdriver\\remote\\webdriver.py:321: in execute\n    self.error_handler.check_response(response)\nvenv\\lib\\site-packages\\selenium\\webdriver\\remote\\errorhandler.py:242: in check_response\n    raise exception_class(message, screen, stacktrace)\nE   selenium.common.exceptions.NoSuchElementException: Message: no such element: Unable to locate element: {\"method\":\"xpath\",\"selector\":\"//button[contains(.,\"Выйти\")]\"}\nE     (Session info: chrome=113.0.5672.94)\n\nDuring handling of the above exception, another exception occurred:\ntests\\test_login.py:62: in test_registration_success\n    page.check_logout_btn_is_visible()\npages\\login.py:41: in check_logout_btn_is_visible\n    self.logout_btn.should(be.visible)\nvenv\\lib\\site-packages\\selene\\core\\entity.py:540: in should\n    super().should(condition)\nvenv\\lib\\site-packages\\selene\\core\\entity.py:127: in should\n    self.wait.for_(condition)\nvenv\\lib\\site-packages\\selene\\core\\wait.py:125: in for_\n    raise self._hook_failure(failure)\nE   selene.core.exceptions.TimeoutException: Message: \nE   \nE   Timed out after 10s, while waiting for:\nE   browser.element(('xpath', '//button[contains(.,\"Выйти\")]')).is visible\nE   \nE   Reason: NoSuchElementException: Message: no such element: Unable to locate element: {\"method\":\"xpath\",\"selector\":\"//button[contains(.,\"Выйти\")]\"}\nE     (Session info: chrome=113.0.5672.94)\nE   \nE   Screenshot: file://C:\\Users\\Qasquad1\\.selene\\screenshots\\1684322463412\\1684322463416.png\nE   PageSource: file://C:\\Users\\Qasquad1\\.selene\\screenshots\\1684322463412\\1684322463416.html"}, "steps": [{"name": "Нажать Аккаунт", "status": "passed", "start": 1684322900824, "stop": 1684322900867}, {"name": "Нажать Зарегистрироваться", "status": "passed", "start": 1684322900868, "stop": 1684322901071}, {"name": "Заполнение всех полей регистрации", "status": "passed", "steps": [{"name": "Заполнение поля ' почта' текстом ''test4198@test.ru''", "status": "passed", "parameters": [{"name": "element", "value": "<selene.core.entity.Element object at 0x000001FDD53BC130>"}, {"name": "text", "value": "'test4198@test.ru'"}, {"name": "fieldName", "value": "' почта'"}], "start": 1684322901071, "stop": 1684322901187}, {"name": "Заполнение поля ' номер телефона' текстом ''+79998887755''", "status": "passed", "parameters": [{"name": "element", "value": "<selene.core.entity.Element object at 0x000001FDD53BC250>"}, {"name": "text", "value": "'+79998887755'"}, {"name": "fieldName", "value": "' номер телефона'"}], "start": 1684322901187, "stop": 1684322901284}, {"name": "Заполнение поля ' ИМЯ' текстом ''Test''", "status": "passed", "parameters": [{"name": "element", "value": "<selene.core.entity.Element object at 0x000001FDD53BC370>"}, {"name": "text", "value": "'Test'"}, {"name": "fieldName", "value": "' ИМЯ'"}], "start": 1684322901284, "stop": 1684322901350}, {"name": "Заполнение поля ' ФАМИЛИЯ' текстом ''Testerov''", "status": "passed", "parameters": [{"name": "element", "value": "<selene.core.entity.Element object at 0x000001FDD53BC5B0>"}, {"name": "text", "value": "'Testerov'"}, {"name": "fieldName", "value": "' ФАМИЛИЯ'"}], "start": 1684322901351, "stop": 1684322901436}, {"name": "Заполнение поля ' НОВЫЙ ПАРОЛЬ' текстом ''123456789''", "status": "passed", "parameters": [{"name": "element", "value": "<selene.core.entity.Element object at 0x000001FDD53BC6D0>"}, {"name": "text", "value": "'123456789'"}, {"name": "fieldName", "value": "' НОВЫЙ ПАРОЛЬ'"}], "start": 1684322901436, "stop": 1684322901520}, {"name": "Заполнение поля ' ПОДТВЕРДИТЕ ПАРОЛЬ' текстом ''123456789''", "status": "passed", "parameters": [{"name": "element", "value": "<selene.core.entity.Element object at 0x000001FDD53BC7F0>"}, {"name": "text", "value": "'123456789'"}, {"name": "fieldName", "value": "' ПОДТВЕРДИТЕ ПАРОЛЬ'"}], "start": 1684322901520, "stop": 1684322901602}], "start": 1684322901071, "stop": 1684322911653}, {"name": "Проверить что кнопка Выйти отображается", "status": "failed", "statusDetails": {"message": "selene.core.exceptions.TimeoutException: Message: \n\nTimed out after 10s, while waiting for:\nbrowser.element(('xpath', '//button[contains(.,\"Выйти\")]')).is visible\n\nReason: NoSuchElementException: Message: no such element: Unable to locate element: {\"method\":\"xpath\",\"selector\":\"//button[contains(.,\"Выйти\")]\"}\n  (Session info: chrome=113.0.5672.94)\n\nScreenshot: file://C:\\Users\\Qasquad1\\.selene\\screenshots\\1684322463412\\1684322463416.png\nPageSource: file://C:\\Users\\Qasquad1\\.selene\\screenshots\\1684322463412\\1684322463416.html\n\n", "trace": "  File \"C:\\Users\\Qasquad1\\PycharmProjects\\lime-qa\\venv\\lib\\site-packages\\allure_commons\\_allure.py\", line 172, in impl\n    return func(*a, **kw)\n  File \"C:\\Users\\Qasquad1\\PycharmProjects\\lime-qa\\pages\\login.py\", line 41, in check_logout_btn_is_visible\n    self.logout_btn.should(be.visible)\n  File \"C:\\Users\\Qasquad1\\PycharmProjects\\lime-qa\\venv\\lib\\site-packages\\selene\\core\\entity.py\", line 540, in should\n    super().should(condition)\n  File \"C:\\Users\\Qasquad1\\PycharmProjects\\lime-qa\\venv\\lib\\site-packages\\selene\\core\\entity.py\", line 127, in should\n    self.wait.for_(condition)\n  File \"C:\\Users\\Qasquad1\\PycharmProjects\\lime-qa\\venv\\lib\\site-packages\\selene\\core\\wait.py\", line 125, in for_\n    raise self._hook_failure(failure)\n"}, "start": 1684322911654, "stop": 1684322922187}], "attachments": [{"name": "Скринтшот", "source": "6001a3c0-714c-48b6-b973-65faf8f0c581-attachment.png", "type": "image/png"}, {"name": "Логи консоли", "source": "919a0033-0091-45b0-818d-1930a556e51e-attachment.json", "type": "application/json"}, {"name": "log", "source": "2a7f05f5-70d6-40c1-bcb1-b75c2dd6de52-attachment.txt", "type": "text/plain"}], "start": 1684322900824, "stop": 1684322922188, "uuid": "39eedc2a-1e6a-4914-9a1e-c0945a81174c", "historyId": "4f3a48ea46a98bb6091b913c1aae4b15", "testCaseId": "1f392d54e81c5d174b9244496b2d7afb", "fullName": "tests.test_login.TestLogin#test_registration_success", "labels": [{"name": "feature", "value": "Тесты логина"}, {"name": "tag", "value": "@pytest.mark.usefixtures('setup')"}, {"name": "tag", "value": "login"}, {"name": "parentSuite", "value": "tests"}, {"name": "suite", "value": "test_login"}, {"name": "subSuite", "value": "TestLogin"}, {"name": "host", "value": "DESKTOP-VLT8PU4"}, {"name": "thread", "value": "12240-MainThread"}, {"name": "framework", "value": "pytest"}, {"name": "language", "value": "cpython3"}, {"name": "package", "value": "tests.test_login"}]}