{"name": "Проверка валидности поля email", "status": "failed", "statusDetails": {"message": "selene.core.exceptions.TimeoutException: Message: \n\nTimed out after 10s, while waiting for:\nbrowser.element(('xpath', \"//div[contains(text(),'некорректный e-mail')]\")).text\n\nReason: NoSuchElementException: Message: no such element: Unable to locate element: {\"method\":\"xpath\",\"selector\":\"//div[contains(text(),'некорректный e-mail')]\"}\n  (Session info: chrome=113.0.5672.94)\n\nScreenshot: file://C:\\Users\\Qasquad1\\.selene\\screenshots\\1684321760547\\1684321760548.png\nPageSource: file://C:\\Users\\Qasquad1\\.selene\\screenshots\\1684321760547\\1684321760548.html", "trace": "venv\\lib\\site-packages\\selene\\core\\wait.py:102: in for_\n    return fn(self._entity)\nvenv\\lib\\site-packages\\selene\\core\\wait.py:56: in __call__\n    return self._fn(entity)\nvenv\\lib\\site-packages\\selene\\core\\query.py:47: in <lambda>\n    text: Query[Element, str] = Query('text', lambda element: element().text)\nvenv\\lib\\site-packages\\selene\\core\\entity.py:179: in __call__\n    return self._locator()\nvenv\\lib\\site-packages\\selene\\core\\locator.py:34: in __call__\n    return self._locate()\nvenv\\lib\\site-packages\\selene\\core\\entity.py:1529: in <lambda>\n    f'{self}.element({by})', lambda: self.driver.find_element(*by)\nvenv\\lib\\site-packages\\selenium\\webdriver\\remote\\webdriver.py:976: in find_element\n    return self.execute(Command.FIND_ELEMENT, {\nvenv\\lib\\site-packages\\selenium\\webdriver\\remote\\webdriver.py:321: in execute\n    self.error_handler.check_response(response)\nvenv\\lib\\site-packages\\selenium\\webdriver\\remote\\errorhandler.py:242: in check_response\n    raise exception_class(message, screen, stacktrace)\nE   selenium.common.exceptions.NoSuchElementException: Message: no such element: Unable to locate element: {\"method\":\"xpath\",\"selector\":\"//div[contains(text(),'некорректный e-mail')]\"}\nE     (Session info: chrome=113.0.5672.94)\n\nDuring handling of the above exception, another exception occurred:\ntests\\test_login.py:87: in test_field_email\n    page.registration_field_email()\npages\\home.py:144: in registration_field_email\n    message_error = self.get_element_text(self.message_error_email_text_var, \"Текст ошибки поля  пароль не верный или текст отсутствует\")\npages\\base.py:27: in get_element_text\n    return element.get(query.text)\nvenv\\lib\\site-packages\\selene\\core\\entity.py:116: in get\n    return self.wait.for_(query)\nvenv\\lib\\site-packages\\selene\\core\\wait.py:125: in for_\n    raise self._hook_failure(failure)\nE   selene.core.exceptions.TimeoutException: Message: \nE   \nE   Timed out after 10s, while waiting for:\nE   browser.element(('xpath', \"//div[contains(text(),'некорректный e-mail')]\")).text\nE   \nE   Reason: NoSuchElementException: Message: no such element: Unable to locate element: {\"method\":\"xpath\",\"selector\":\"//div[contains(text(),'некорректный e-mail')]\"}\nE     (Session info: chrome=113.0.5672.94)\nE   \nE   Screenshot: file://C:\\Users\\Qasquad1\\.selene\\screenshots\\1684321760547\\1684321760548.png\nE   PageSource: file://C:\\Users\\Qasquad1\\.selene\\screenshots\\1684321760547\\1684321760548.html"}, "steps": [{"name": "Нажать Аккаунт", "status": "passed", "start": 1684321850446, "stop": 1684321850495}, {"name": "Нажать Зарегистрироваться", "status": "passed", "start": 1684321850495, "stop": 1684321850644}, {"name": "Валидация поля Email", "status": "failed", "statusDetails": {"message": "selene.core.exceptions.TimeoutException: Message: \n\nTimed out after 10s, while waiting for:\nbrowser.element(('xpath', \"//div[contains(text(),'некорректный e-mail')]\")).text\n\nReason: NoSuchElementException: Message: no such element: Unable to locate element: {\"method\":\"xpath\",\"selector\":\"//div[contains(text(),'некорректный e-mail')]\"}\n  (Session info: chrome=113.0.5672.94)\n\nScreenshot: file://C:\\Users\\Qasquad1\\.selene\\screenshots\\1684321760547\\1684321760548.png\nPageSource: file://C:\\Users\\Qasquad1\\.selene\\screenshots\\1684321760547\\1684321760548.html\n\n", "trace": "  File \"C:\\Users\\Qasquad1\\PycharmProjects\\lime-qa\\venv\\lib\\site-packages\\allure_commons\\_allure.py\", line 172, in impl\n    return func(*a, **kw)\n  File \"C:\\Users\\Qasquad1\\PycharmProjects\\lime-qa\\pages\\home.py\", line 144, in registration_field_email\n    message_error = self.get_element_text(self.message_error_email_text_var, \"Текст ошибки поля  пароль не верный или текст отсутствует\")\n  File \"C:\\Users\\Qasquad1\\PycharmProjects\\lime-qa\\venv\\lib\\site-packages\\allure_commons\\_allure.py\", line 172, in impl\n    return func(*a, **kw)\n  File \"C:\\Users\\Qasquad1\\PycharmProjects\\lime-qa\\pages\\base.py\", line 27, in get_element_text\n    return element.get(query.text)\n  File \"C:\\Users\\Qasquad1\\PycharmProjects\\lime-qa\\venv\\lib\\site-packages\\selene\\core\\entity.py\", line 116, in get\n    return self.wait.for_(query)\n  File \"C:\\Users\\Qasquad1\\PycharmProjects\\lime-qa\\venv\\lib\\site-packages\\selene\\core\\wait.py\", line 125, in for_\n    raise self._hook_failure(failure)\n"}, "steps": [{"name": "Заполнение поля '' текстом ''mail''", "status": "passed", "parameters": [{"name": "element", "value": "<selene.core.entity.Element object at 0x0000025E54C17820>"}, {"name": "text", "value": "'mail'"}, {"name": "fieldName", "value": "''"}], "start": 1684321850644, "stop": 1684321850723}, {"name": "Взять текст из элемента ''Текст ошибки поля  пароль не верный или текст отсутствует''", "status": "passed", "parameters": [{"name": "element", "value": "<selene.core.entity.Element object at 0x0000025E54C588E0>"}, {"name": "allureText", "value": "'Текст ошибки поля  пароль не верный или текст отсутствует'"}], "start": 1684321857776, "stop": 1684321857808}, {"name": "Заполнение поля '' текстом ''mail.mail''", "status": "passed", "parameters": [{"name": "element", "value": "<selene.core.entity.Element object at 0x0000025E54C17820>"}, {"name": "text", "value": "'mail.mail'"}, {"name": "fieldName", "value": "''"}], "start": 1684321859820, "stop": 1684321859906}, {"name": "Взять текст из элемента ''Текст ошибки поля  пароль не верный или текст отсутствует''", "status": "passed", "parameters": [{"name": "element", "value": "<selene.core.entity.Element object at 0x0000025E54C588E0>"}, {"name": "allureText", "value": "'Текст ошибки поля  пароль не верный или текст отсутствует'"}], "start": 1684321866959, "stop": 1684321866977}, {"name": "Заполнение поля '' текстом ''mail@mail''", "status": "passed", "parameters": [{"name": "element", "value": "<selene.core.entity.Element object at 0x0000025E54C17820>"}, {"name": "text", "value": "'mail@mail'"}, {"name": "fieldName", "value": "''"}], "start": 1684321868979, "stop": 1684321869065}, {"name": "Взять текст из элемента ''Текст ошибки поля  пароль не верный или текст отсутствует''", "status": "passed", "parameters": [{"name": "element", "value": "<selene.core.entity.Element object at 0x0000025E54C588E0>"}, {"name": "allureText", "value": "'Текст ошибки поля  пароль не верный или текст отсутствует'"}], "start": 1684321876096, "stop": 1684321876112}, {"name": "Заполнение поля '' текстом ''mail@mail.r''", "status": "passed", "parameters": [{"name": "element", "value": "<selene.core.entity.Element object at 0x0000025E54C17820>"}, {"name": "text", "value": "'mail@mail.r'"}, {"name": "fieldName", "value": "''"}], "start": 1684321878126, "stop": 1684321878216}, {"name": "Взять текст из элемента ''Текст ошибки поля  пароль не верный или текст отсутствует''", "status": "passed", "parameters": [{"name": "element", "value": "<selene.core.entity.Element object at 0x0000025E54C588E0>"}, {"name": "allureText", "value": "'Текст ошибки поля  пароль не верный или текст отсутствует'"}], "start": 1684321885253, "stop": 1684321885269}, {"name": "Заполнение поля '' текстом ''mail@''", "status": "passed", "parameters": [{"name": "element", "value": "<selene.core.entity.Element object at 0x0000025E54C17820>"}, {"name": "text", "value": "'mail@'"}, {"name": "fieldName", "value": "''"}], "start": 1684321887275, "stop": 1684321887346}, {"name": "Взять текст из элемента ''Текст ошибки поля  пароль не верный или текст отсутствует''", "status": "passed", "parameters": [{"name": "element", "value": "<selene.core.entity.Element object at 0x0000025E54C588E0>"}, {"name": "allureText", "value": "'Текст ошибки поля  пароль не верный или текст отсутствует'"}], "start": 1684321894393, "stop": 1684321894412}, {"name": "Заполнение поля '' текстом ''мейл@mail.ru''", "status": "passed", "parameters": [{"name": "element", "value": "<selene.core.entity.Element object at 0x0000025E54C17820>"}, {"name": "text", "value": "'мейл@mail.ru'"}, {"name": "fieldName", "value": "''"}], "start": 1684321896418, "stop": 1684321896539}, {"name": "Взять текст из элемента ''Текст ошибки поля  пароль не верный или текст отсутствует''", "status": "failed", "statusDetails": {"message": "selene.core.exceptions.TimeoutException: Message: \n\nTimed out after 10s, while waiting for:\nbrowser.element(('xpath', \"//div[contains(text(),'некорректный e-mail')]\")).text\n\nReason: NoSuchElementException: Message: no such element: Unable to locate element: {\"method\":\"xpath\",\"selector\":\"//div[contains(text(),'некорректный e-mail')]\"}\n  (Session info: chrome=113.0.5672.94)\n\nScreenshot: file://C:\\Users\\Qasquad1\\.selene\\screenshots\\1684321760547\\1684321760548.png\nPageSource: file://C:\\Users\\Qasquad1\\.selene\\screenshots\\1684321760547\\1684321760548.html\n\n", "trace": "  File \"C:\\Users\\Qasquad1\\PycharmProjects\\lime-qa\\venv\\lib\\site-packages\\allure_commons\\_allure.py\", line 172, in impl\n    return func(*a, **kw)\n  File \"C:\\Users\\Qasquad1\\PycharmProjects\\lime-qa\\pages\\base.py\", line 27, in get_element_text\n    return element.get(query.text)\n  File \"C:\\Users\\Qasquad1\\PycharmProjects\\lime-qa\\venv\\lib\\site-packages\\selene\\core\\entity.py\", line 116, in get\n    return self.wait.for_(query)\n  File \"C:\\Users\\Qasquad1\\PycharmProjects\\lime-qa\\venv\\lib\\site-packages\\selene\\core\\wait.py\", line 125, in for_\n    raise self._hook_failure(failure)\n"}, "parameters": [{"name": "element", "value": "<selene.core.entity.Element object at 0x0000025E54C588E0>"}, {"name": "allureText", "value": "'Текст ошибки поля  пароль не верный или текст отсутствует'"}], "start": 1684321903578, "stop": 1684321914082}], "start": 1684321850644, "stop": 1684321914084}], "attachments": [{"name": "Скринтшот", "source": "6f5b188a-261e-4f57-ae18-09804f196a82-attachment.png", "type": "image/png"}, {"name": "Логи консоли", "source": "52dcf5cf-76d4-4610-92aa-07c883dd3814-attachment.json", "type": "application/json"}, {"name": "log", "source": "63393a6e-0065-47c1-9f9a-e7066f1c6506-attachment.txt", "type": "text/plain"}], "start": 1684321850446, "stop": 1684321914085, "uuid": "31dc59a5-b2b1-4c0b-ba9a-053cc20db616", "historyId": "0cc81e0474bc006509c2841748279852", "testCaseId": "2a3cb9a75e79c243aed59c4006152af4", "fullName": "tests.test_login.TestLogin#test_field_email", "labels": [{"name": "feature", "value": "Тесты логина"}, {"name": "tag", "value": "login"}, {"name": "tag", "value": "@pytest.mark.usefixtures('setup')"}, {"name": "parentSuite", "value": "tests"}, {"name": "suite", "value": "test_login"}, {"name": "subSuite", "value": "TestLogin"}, {"name": "host", "value": "DESKTOP-VLT8PU4"}, {"name": "thread", "value": "8432-MainThread"}, {"name": "framework", "value": "pytest"}, {"name": "language", "value": "cpython3"}, {"name": "package", "value": "tests.test_login"}]}