{"name": "Проверка выпадающего меню каталога Одежда. Раздел с вложенными подразделами", "status": "failed", "statusDetails": {"message": "selene.core.exceptions.TimeoutException: Message: \n\nTimed out after 10s, while waiting for:\nbrowser.element(('xpath', \"(//div[@class = 'hamburger-menu burger open'])[1]\")).click\n\nReason: NoSuchElementException: Message: no such element: Unable to locate element: {\"method\":\"xpath\",\"selector\":\"(//div[@class = 'hamburger-menu burger open'])[1]\"}\n  (Session info: chrome=113.0.5672.94)\n\nScreenshot: file://C:\\Users\\Qasquad1\\.selene\\screenshots\\1684322342305\\1684322342306.png\nPageSource: file://C:\\Users\\Qasquad1\\.selene\\screenshots\\1684322342305\\1684322342306.html", "trace": "venv\\lib\\site-packages\\selene\\core\\wait.py:102: in for_\n    return fn(self._entity)\nvenv\\lib\\site-packages\\selene\\core\\wait.py:56: in __call__\n    return self._fn(entity)\nvenv\\lib\\site-packages\\selene\\core\\entity.py:465: in <lambda>\n    self.wait.command('click', lambda element: element().click())\nvenv\\lib\\site-packages\\selene\\core\\entity.py:179: in __call__\n    return self._locator()\nvenv\\lib\\site-packages\\selene\\core\\locator.py:34: in __call__\n    return self._locate()\nvenv\\lib\\site-packages\\selene\\core\\entity.py:1529: in <lambda>\n    f'{self}.element({by})', lambda: self.driver.find_element(*by)\nvenv\\lib\\site-packages\\selenium\\webdriver\\remote\\webdriver.py:976: in find_element\n    return self.execute(Command.FIND_ELEMENT, {\nvenv\\lib\\site-packages\\selenium\\webdriver\\remote\\webdriver.py:321: in execute\n    self.error_handler.check_response(response)\nvenv\\lib\\site-packages\\selenium\\webdriver\\remote\\errorhandler.py:242: in check_response\n    raise exception_class(message, screen, stacktrace)\nE   selenium.common.exceptions.NoSuchElementException: Message: no such element: Unable to locate element: {\"method\":\"xpath\",\"selector\":\"(//div[@class = 'hamburger-menu burger open'])[1]\"}\nE     (Session info: chrome=113.0.5672.94)\n\nDuring handling of the above exception, another exception occurred:\ntests\\test_smoke.py:114: in test_burger_menu_check_products_sections\n    page.click(page.hamburger_menu_close, \" закрыть гамбургер меню\")\npages\\base.py:39: in click\n    element.click()\nvenv\\lib\\site-packages\\selene\\core\\entity.py:465: in click\n    self.wait.command('click', lambda element: element().click())\nvenv\\lib\\site-packages\\selene\\core\\wait.py:136: in command\n    self.for_(Command(description, fn))\nvenv\\lib\\site-packages\\selene\\core\\wait.py:125: in for_\n    raise self._hook_failure(failure)\nE   selene.core.exceptions.TimeoutException: Message: \nE   \nE   Timed out after 10s, while waiting for:\nE   browser.element(('xpath', \"(//div[@class = 'hamburger-menu burger open'])[1]\")).click\nE   \nE   Reason: NoSuchElementException: Message: no such element: Unable to locate element: {\"method\":\"xpath\",\"selector\":\"(//div[@class = 'hamburger-menu burger open'])[1]\"}\nE     (Session info: chrome=113.0.5672.94)\nE   \nE   Screenshot: file://C:\\Users\\Qasquad1\\.selene\\screenshots\\1684322342305\\1684322342306.png\nE   PageSource: file://C:\\Users\\Qasquad1\\.selene\\screenshots\\1684322342305\\1684322342306.html"}, "steps": [{"name": "Клик по элементу ' гамбургер меню'", "status": "passed", "parameters": [{"name": "element", "value": "<selene.core.entity.Element object at 0x000002BE2DE5CF10>"}, {"name": "text", "value": "' гамбургер меню'"}], "start": 1684322648800, "stop": 1684322648836}, {"name": "Проверка наличия элемента", "status": "passed", "parameters": [{"name": "element", "value": "<selene.core.entity.Element object at 0x000002BE2DE663D0>"}], "start": 1684322648836, "stop": 1684322648863}, {"name": "Клик по элементу ' категория ОДЕЖДА'", "status": "passed", "parameters": [{"name": "element", "value": "<selene.core.entity.Element object at 0x000002BE2DE622B0>"}, {"name": "text", "value": "' категория ОДЕЖДА'"}], "start": 1684322648864, "stop": 1684322648918}, {"name": "Рандомный подраздела каталога", "status": "passed", "start": 1684322648918, "stop": 1684322648971}, {"name": "Клик по элементу ' закрыть категория ОДЕЖДА'", "status": "passed", "parameters": [{"name": "element", "value": "<selene.core.entity.Element object at 0x000002BE2DE622B0>"}, {"name": "text", "value": "' закрыть категория ОДЕЖДА'"}], "start": 1684322648972, "stop": 1684322649008}, {"name": "Клик по элементу ' закрыть гамбургер меню'", "status": "failed", "statusDetails": {"message": "selene.core.exceptions.TimeoutException: Message: \n\nTimed out after 10s, while waiting for:\nbrowser.element(('xpath', \"(//div[@class = 'hamburger-menu burger open'])[1]\")).click\n\nReason: NoSuchElementException: Message: no such element: Unable to locate element: {\"method\":\"xpath\",\"selector\":\"(//div[@class = 'hamburger-menu burger open'])[1]\"}\n  (Session info: chrome=113.0.5672.94)\n\nScreenshot: file://C:\\Users\\Qasquad1\\.selene\\screenshots\\1684322342305\\1684322342306.png\nPageSource: file://C:\\Users\\Qasquad1\\.selene\\screenshots\\1684322342305\\1684322342306.html\n\n", "trace": "  File \"C:\\Users\\Qasquad1\\PycharmProjects\\lime-qa\\venv\\lib\\site-packages\\allure_commons\\_allure.py\", line 172, in impl\n    return func(*a, **kw)\n  File \"C:\\Users\\Qasquad1\\PycharmProjects\\lime-qa\\pages\\base.py\", line 39, in click\n    element.click()\n  File \"C:\\Users\\Qasquad1\\PycharmProjects\\lime-qa\\venv\\lib\\site-packages\\selene\\core\\entity.py\", line 465, in click\n    self.wait.command('click', lambda element: element().click())\n  File \"C:\\Users\\Qasquad1\\PycharmProjects\\lime-qa\\venv\\lib\\site-packages\\selene\\core\\wait.py\", line 136, in command\n    self.for_(Command(description, fn))\n  File \"C:\\Users\\Qasquad1\\PycharmProjects\\lime-qa\\venv\\lib\\site-packages\\selene\\core\\wait.py\", line 125, in for_\n    raise self._hook_failure(failure)\n"}, "parameters": [{"name": "element", "value": "<selene.core.entity.Element object at 0x000002BE2DE62070>"}, {"name": "text", "value": "' закрыть гамбургер меню'"}], "start": 1684322652011, "stop": 1684322662236}], "attachments": [{"name": "Скринтшот", "source": "66467a0d-6e40-478a-a985-718051b62ffc-attachment.png", "type": "image/png"}, {"name": "Логи консоли", "source": "8608c63a-2038-44ff-a2f1-c133703e482b-attachment.json", "type": "application/json"}, {"name": "log", "source": "247029cc-552c-48d7-ba0c-1efb881b8124-attachment.txt", "type": "text/plain"}], "start": 1684322648800, "stop": 1684322662238, "uuid": "00c91d71-c36e-4ab2-adb3-95ebfa237464", "historyId": "b80f149e70fdcb7c049f02b33dc442a8", "testCaseId": "fc5d90263b23316d0ca934e1373ae4a8", "fullName": "tests.test_smoke.TestSmoke#test_burger_menu_check_products_sections", "labels": [{"name": "feature", "value": "Смоук тест"}, {"name": "tag", "value": "smoke(5)"}, {"name": "tag", "value": "@pytest.mark.usefixtures('setup')"}, {"name": "parentSuite", "value": "tests"}, {"name": "suite", "value": "test_smoke"}, {"name": "subSuite", "value": "TestSmoke"}, {"name": "host", "value": "DESKTOP-VLT8PU4"}, {"name": "thread", "value": "14752-MainThread"}, {"name": "framework", "value": "pytest"}, {"name": "language", "value": "cpython3"}, {"name": "package", "value": "tests.test_smoke"}], "links": [{"type": "link", "url": "https://lmdev.testrail.io/index.php?/cases/view/1600", "name": "https://lmdev.testrail.io/index.php?/cases/view/1600"}]}